2026-02-28 12:58:09,727 : worker.worker : INFO : Current device cuda
2026-02-28 12:58:09,872 : envs.wrappers : INFO : TerminalBonusWrapper attached with params 0.0 -5
2026-02-28 12:58:09,872 : envs.wrappers : INFO : OutOfTrackPenaltyAndTerminationWrapper attached with penalty 0.5
2026-02-28 12:58:09,898 : envs.wrappers : INFO : TerminalBonusWrapper attached with params 0.0 -5
2026-02-28 12:58:09,899 : envs.wrappers : INFO : OutOfTrackPenaltyAndTerminationWrapper attached with penalty 0.5
2026-02-28 12:58:09,903 : envs.wrappers : INFO : TerminalBonusWrapper attached with params 0.0 -5
2026-02-28 12:58:09,903 : envs.wrappers : INFO : OutOfTrackPenaltyAndTerminationWrapper attached with penalty 0.5
2026-02-28 12:58:09,908 : envs.wrappers : INFO : TerminalBonusWrapper attached with params 0.0 -5
2026-02-28 12:58:09,908 : envs.wrappers : INFO : OutOfTrackPenaltyAndTerminationWrapper attached with penalty 0.5
2026-02-28 12:58:09,913 : envs.wrappers : INFO : TerminalBonusWrapper attached with params 0.0 -5
2026-02-28 12:58:09,913 : envs.wrappers : INFO : OutOfTrackPenaltyAndTerminationWrapper attached with penalty 0.5
2026-02-28 12:58:09,918 : envs.wrappers : INFO : TerminalBonusWrapper attached with params 0.0 -5
2026-02-28 12:58:09,918 : envs.wrappers : INFO : OutOfTrackPenaltyAndTerminationWrapper attached with penalty 0.5
2026-02-28 12:58:09,923 : envs.wrappers : INFO : TerminalBonusWrapper attached with params 0.0 -5
2026-02-28 12:58:09,924 : envs.wrappers : INFO : OutOfTrackPenaltyAndTerminationWrapper attached with penalty 0.5
2026-02-28 12:58:09,929 : envs.wrappers : INFO : TerminalBonusWrapper attached with params 0.0 -5
2026-02-28 12:58:09,930 : envs.wrappers : INFO : OutOfTrackPenaltyAndTerminationWrapper attached with penalty 0.5
2026-02-28 12:58:09,934 : envs.wrappers : INFO : TerminalBonusWrapper attached with params 0.0 -5
2026-02-28 12:58:09,934 : envs.wrappers : INFO : OutOfTrackPenaltyAndTerminationWrapper attached with penalty 0.5
2026-02-28 12:58:11,292 : worker.worker : INFO : ==================== Start training ====================
2026-02-28 12:58:11,951 : network.model : INFO : Saved model to logs/CarRacing/PPO/v11/model.pt
2026-02-28 12:58:37,124 : evaluate.evaluate : INFO : Evaluation results: mean = 20.97, std = 0.00, min = 20.97, max = 20.97, count = 1
2026-02-28 12:58:37,125 : evaluate.evaluate : INFO : Evaluation lengths: mean = 1000.00, std = 0.00, min = 1000.00, max = 1000.00, count = 1
2026-02-28 12:58:37,126 : evaluate.evaluate : INFO : Covariance matrix:
[0.006 0.006 0.006]
2026-02-28 13:36:59,556 : network.model : INFO : Saved model to logs/CarRacing/PPO/v11/model.pt
2026-02-28 13:37:25,496 : evaluate.evaluate : INFO : Evaluation results: mean = 729.43, std = 0.00, min = 729.43, max = 729.43, count = 1
2026-02-28 13:37:25,497 : evaluate.evaluate : INFO : Evaluation lengths: mean = 1000.00, std = 0.00, min = 1000.00, max = 1000.00, count = 1
2026-02-28 13:37:25,498 : evaluate.evaluate : INFO : Covariance matrix:
[0.00595481 0.0061949  0.00573453]
2026-02-28 14:16:23,552 : network.model : INFO : Saved model to logs/CarRacing/PPO/v11/model.pt
2026-02-28 14:16:49,358 : evaluate.evaluate : INFO : Evaluation results: mean = 272.82, std = 0.00, min = 272.82, max = 272.82, count = 1
2026-02-28 14:16:49,359 : evaluate.evaluate : INFO : Evaluation lengths: mean = 1000.00, std = 0.00, min = 1000.00, max = 1000.00, count = 1
2026-02-28 14:16:49,359 : evaluate.evaluate : INFO : Covariance matrix:
[0.00566657 0.00606581 0.00544492]
2026-02-28 14:55:47,594 : network.model : INFO : Saved model to logs/CarRacing/PPO/v11/model.pt
2026-02-28 14:56:14,611 : evaluate.evaluate : INFO : Evaluation results: mean = 341.70, std = 0.00, min = 341.70, max = 341.70, count = 1
2026-02-28 14:56:14,612 : evaluate.evaluate : INFO : Evaluation lengths: mean = 1000.00, std = 0.00, min = 1000.00, max = 1000.00, count = 1
2026-02-28 14:56:14,613 : evaluate.evaluate : INFO : Covariance matrix:
[0.00550049 0.00586569 0.00521327]
2026-02-28 15:35:45,844 : network.model : INFO : Saved model to logs/CarRacing/PPO/v11/model.pt
2026-02-28 15:36:12,868 : evaluate.evaluate : INFO : Evaluation results: mean = 329.69, std = 0.00, min = 329.69, max = 329.69, count = 1
2026-02-28 15:36:12,869 : evaluate.evaluate : INFO : Evaluation lengths: mean = 1000.00, std = 0.00, min = 1000.00, max = 1000.00, count = 1
2026-02-28 15:36:12,870 : evaluate.evaluate : INFO : Covariance matrix:
[0.00516694 0.00549731 0.00482812]
2026-02-28 16:15:25,408 : network.model : INFO : Saved model to logs/CarRacing/PPO/v11/model.pt
2026-02-28 16:15:51,852 : evaluate.evaluate : INFO : Evaluation results: mean = 594.35, std = 0.00, min = 594.35, max = 594.35, count = 1
2026-02-28 16:15:51,852 : evaluate.evaluate : INFO : Evaluation lengths: mean = 1000.00, std = 0.00, min = 1000.00, max = 1000.00, count = 1
2026-02-28 16:15:51,853 : evaluate.evaluate : INFO : Covariance matrix:
[0.00482729 0.00512788 0.00450175]
2026-02-28 16:55:00,391 : network.model : INFO : Saved model to logs/CarRacing/PPO/v11/model.pt
2026-02-28 16:55:25,379 : evaluate.evaluate : INFO : Evaluation results: mean = 267.04, std = 0.00, min = 267.04, max = 267.04, count = 1
2026-02-28 16:55:25,380 : evaluate.evaluate : INFO : Evaluation lengths: mean = 1000.00, std = 0.00, min = 1000.00, max = 1000.00, count = 1
2026-02-28 16:55:25,381 : evaluate.evaluate : INFO : Covariance matrix:
[0.00457312 0.00485244 0.00424657]
2026-02-28 17:34:40,575 : network.model : INFO : Saved model to logs/CarRacing/PPO/v11/model.pt
2026-02-28 17:35:08,506 : evaluate.evaluate : INFO : Evaluation results: mean = 869.81, std = 0.00, min = 869.81, max = 869.81, count = 1
2026-02-28 17:35:08,506 : evaluate.evaluate : INFO : Evaluation lengths: mean = 1000.00, std = 0.00, min = 1000.00, max = 1000.00, count = 1
2026-02-28 17:35:08,508 : evaluate.evaluate : INFO : Covariance matrix:
[0.00437694 0.00467391 0.00405879]
2026-02-28 18:14:28,367 : network.model : INFO : Saved model to logs/CarRacing/PPO/v11/model.pt
2026-02-28 18:14:53,984 : evaluate.evaluate : INFO : Evaluation results: mean = 66.67, std = 0.00, min = 66.67, max = 66.67, count = 1
2026-02-28 18:14:53,984 : evaluate.evaluate : INFO : Evaluation lengths: mean = 1000.00, std = 0.00, min = 1000.00, max = 1000.00, count = 1
2026-02-28 18:14:53,985 : evaluate.evaluate : INFO : Covariance matrix:
[0.00429179 0.00458484 0.00398383]
2026-02-28 18:54:14,255 : network.model : INFO : Saved model to logs/CarRacing/PPO/v11/model.pt
2026-02-28 18:54:38,817 : evaluate.evaluate : INFO : Evaluation results: mean = 341.28, std = 0.00, min = 341.28, max = 341.28, count = 1
2026-02-28 18:54:38,818 : evaluate.evaluate : INFO : Evaluation lengths: mean = 1000.00, std = 0.00, min = 1000.00, max = 1000.00, count = 1
2026-02-28 18:54:38,819 : evaluate.evaluate : INFO : Covariance matrix:
[0.00427058 0.00456136 0.00396263]
2026-02-28 19:33:57,290 : network.model : INFO : Saved model to logs/CarRacing/PPO/v11/model.pt
2026-02-28 19:34:24,412 : evaluate.evaluate : INFO : Evaluation results: mean = 444.48, std = 0.00, min = 444.48, max = 444.48, count = 1
2026-02-28 19:34:24,412 : evaluate.evaluate : INFO : Evaluation lengths: mean = 1000.00, std = 0.00, min = 1000.00, max = 1000.00, count = 1
2026-02-28 19:34:24,414 : evaluate.evaluate : INFO : Covariance matrix:
[0.004268   0.00456059 0.00396147]
2026-02-28 20:15:05,180 : evaluate.evaluate : INFO : Evaluation results: mean = 416.23, std = 259.84, min = -16.43, max = 942.40, count = 1000
2026-02-28 20:15:05,180 : evaluate.evaluate : INFO : Evaluation lengths: mean = 980.45, std = 78.50, min = 576.00, max = 1000.00, count = 1000
2026-02-28 20:15:05,182 : evaluate.evaluate : INFO : Covariance matrix:
[0.004268   0.00456059 0.00396147]
2026-02-28 20:15:05,266 : worker.worker : INFO : ==================== End training ====================
