2026-03-16 17:55:04,119 : worker.worker : INFO : Current device cuda
2026-03-16 17:55:04,261 : envs.wrappers : INFO : ActionPowerRewardWrapper attached with params [-0.001, -0.002, -0.01, -0.002] [0.002, 0.001, 0.002, 0.001] 1
2026-03-16 17:55:04,264 : envs.wrappers : INFO : PowerObsRewardWrapper attached with params [[ 0.   0.   0.   0.   0.   0.   0.   0.   0.   0.   0.   0.   0.   0.   0.   0.   0.   0.   0.   0.   0.   0.   0.   0. ]
 [ 0.   0.   0.   0.   0.   0.   0.   0.   0.   0.   0.   0.   0.   0.   0.   0.   0.   0.   0.   0.   0.   0.   0.   0. ]
 [ 0.   0.   0.   0.   0.   0.   0.   0.   0.   0.   0.   0.   0.   0.   0.   0.   0.   0.   0.   0.   0.   0.   0.   0. ]
 [ 0.   0.   0.   0.   0.   0.   0.   0.   0.   0.   0.   0.   0.   0.   0.   0.   0.   0.   0.   0.   0.   0.   0.   0. ]
 [ 0.   0.   0.   0.   0.   0.   0.   0.   0.   0.   0.   0.   0.   0.   0.   0.   0.   0.   0.   0.   0.   0.   0.   0. ]
 [ 0.   0.   0.   0.   0.   0.   0.   0.   0.   0.  -0.2  0.   0.   0.   0.   0.   0.   0.   0.   0.   0.   0.   0.   0. ]
 [ 0.   0.   0.   0.   0.   0.   0.   0.   0.   0.   0.   0.   0.   0.   0.   0.   0.   0.   0.   0.   0.   0.   0.   0. ]
 [ 0.   0.   0.   0.   0.   0.   0.   0.   0.   0.   0.   0.   0.   0.   0.   0.   0.   0.   0.   0.   0.   0.   0.   0. ]
 [ 0.   0.   0.   0.   0.   0.   0.   0.   0.   0.   0.   0.   0.   0.   0.   0.   0.   0.   0.   0.   0.   0.   0.   0. ]
 [ 0.   0.   0.   0.   0.   0.   0.   0.   0.   0.   0.   0.   0.   0.   0.   0.   0.   0.   0.   0.   0.   0.   0.   0. ]
 [ 0.   0.   0.   0.   0.   0.   0.   0.   0.   0.   0.   0.   0.   0.   0.   0.   0.   0.   0.   0.   0.   0.   0.   0. ]
 [ 0.   0.   0.   0.   0.   0.   0.   0.   0.   0.   0.   0.   0.   0.   0.   0.   0.   0.   0.   0.   0.   0.   0.   0. ]
 [ 0.   0.   0.   0.   0.   0.   0.   0.   0.   0.   0.   0.   0.   0.   0.   0.   0.   0.   0.   0.   0.   0.   0.   0. ]
 [ 0.   0.   0.   0.   0.   0.   0.   0.   0.   0.   0.   0.   0.   0.   0.   0.   0.   0.   0.   0.   0.   0.   0.   0. ]
 [ 0.   0.   0.   0.   0.   0.   0.   0.   0.   0.   0.   0.   0.   0.   0.   0.   0.   0.   0.   0.   0.   0.   0.   0. ]
 [ 0.   0.   0.   0.   0.   0.   0.   0.   0.   0.   0.   0.   0.   0.   0.   0.   0.   0.   0.   0.   0.   0.   0.   0. ]
 [ 0.   0.   0.   0.   0.   0.   0.   0.   0.   0.   0.   0.   0.   0.   0.   0.   0.   0.   0.   0.   0.   0.   0.   0. ]
 [ 0.   0.   0.   0.   0.   0.   0.   0.   0.   0.   0.   0.   0.   0.   0.   0.   0.   0.   0.   0.   0.   0.   0.   0. ]
 [ 0.   0.   0.   0.   0.   0.   0.   0.   0.   0.   0.   0.   0.   0.   0.   0.   0.   0.   0.   0.   0.   0.   0.   0. ]
 [ 0.   0.   0.   0.   0.   0.   0.   0.   0.   0.   0.   0.   0.   0.   0.   0.   0.   0.   0.   0.   0.   0.   0.   0. ]
 [ 0.   0.   0.   0.   0.   0.   0.   0.   0.   0.   0.   0.   0.   0.   0.   0.   0.   0.   0.   0.   0.   0.   0.   0. ]
 [ 0.   0.   0.   0.   0.   0.   0.   0.   0.   0.   0.   0.   0.   0.   0.   0.   0.   0.   0.   0.   0.   0.   0.   0. ]
 [ 0.   0.   0.   0.   0.   0.   0.   0.   0.   0.   0.   0.   0.   0.   0.   0.   0.   0.   0.   0.   0.   0.   0.   0. ]
 [ 0.   0.   0.   0.   0.   0.   0.   0.   0.   0.   0.   0.   0.   0.   0.   0.   0.   0.   0.   0.   0.   0.   0.   0. ]]
2026-03-16 17:55:04,264 : envs.wrappers : INFO : PowerObsRewardWrapper attached with params None [-0.01, -0.005, 0.0, -0.002, -0.001, 0.001, 0, 0, 0, -0.001, 0.001, 0, 0, 0, 0, 0, 0, 0, 0, 0, 0, 0, 0, 0] [0.0, 0.0, 0.02, 0.0, 0.0, 0.0, 0, 0, 0.001, 0.0, 0.0, 0, 0, 0.001, 0, 0, 0, 0, 0, 0, 0, 0, 0, 0] 1
2026-03-16 17:55:04,264 : envs.wrappers : INFO : TerminalBonusWrapper attached with params 0.0 -1.0
2026-03-16 17:55:04,283 : envs.wrappers : INFO : ActionPowerRewardWrapper attached with params [-0.001, -0.002, -0.01, -0.002] [0.002, 0.001, 0.002, 0.001] 1
2026-03-16 17:55:04,286 : envs.wrappers : INFO : PowerObsRewardWrapper attached with params [[ 0.   0.   0.   0.   0.   0.   0.   0.   0.   0.   0.   0.   0.   0.   0.   0.   0.   0.   0.   0.   0.   0.   0.   0. ]
 [ 0.   0.   0.   0.   0.   0.   0.   0.   0.   0.   0.   0.   0.   0.   0.   0.   0.   0.   0.   0.   0.   0.   0.   0. ]
 [ 0.   0.   0.   0.   0.   0.   0.   0.   0.   0.   0.   0.   0.   0.   0.   0.   0.   0.   0.   0.   0.   0.   0.   0. ]
 [ 0.   0.   0.   0.   0.   0.   0.   0.   0.   0.   0.   0.   0.   0.   0.   0.   0.   0.   0.   0.   0.   0.   0.   0. ]
 [ 0.   0.   0.   0.   0.   0.   0.   0.   0.   0.   0.   0.   0.   0.   0.   0.   0.   0.   0.   0.   0.   0.   0.   0. ]
 [ 0.   0.   0.   0.   0.   0.   0.   0.   0.   0.  -0.2  0.   0.   0.   0.   0.   0.   0.   0.   0.   0.   0.   0.   0. ]
 [ 0.   0.   0.   0.   0.   0.   0.   0.   0.   0.   0.   0.   0.   0.   0.   0.   0.   0.   0.   0.   0.   0.   0.   0. ]
 [ 0.   0.   0.   0.   0.   0.   0.   0.   0.   0.   0.   0.   0.   0.   0.   0.   0.   0.   0.   0.   0.   0.   0.   0. ]
 [ 0.   0.   0.   0.   0.   0.   0.   0.   0.   0.   0.   0.   0.   0.   0.   0.   0.   0.   0.   0.   0.   0.   0.   0. ]
 [ 0.   0.   0.   0.   0.   0.   0.   0.   0.   0.   0.   0.   0.   0.   0.   0.   0.   0.   0.   0.   0.   0.   0.   0. ]
 [ 0.   0.   0.   0.   0.   0.   0.   0.   0.   0.   0.   0.   0.   0.   0.   0.   0.   0.   0.   0.   0.   0.   0.   0. ]
 [ 0.   0.   0.   0.   0.   0.   0.   0.   0.   0.   0.   0.   0.   0.   0.   0.   0.   0.   0.   0.   0.   0.   0.   0. ]
 [ 0.   0.   0.   0.   0.   0.   0.   0.   0.   0.   0.   0.   0.   0.   0.   0.   0.   0.   0.   0.   0.   0.   0.   0. ]
 [ 0.   0.   0.   0.   0.   0.   0.   0.   0.   0.   0.   0.   0.   0.   0.   0.   0.   0.   0.   0.   0.   0.   0.   0. ]
 [ 0.   0.   0.   0.   0.   0.   0.   0.   0.   0.   0.   0.   0.   0.   0.   0.   0.   0.   0.   0.   0.   0.   0.   0. ]
 [ 0.   0.   0.   0.   0.   0.   0.   0.   0.   0.   0.   0.   0.   0.   0.   0.   0.   0.   0.   0.   0.   0.   0.   0. ]
 [ 0.   0.   0.   0.   0.   0.   0.   0.   0.   0.   0.   0.   0.   0.   0.   0.   0.   0.   0.   0.   0.   0.   0.   0. ]
 [ 0.   0.   0.   0.   0.   0.   0.   0.   0.   0.   0.   0.   0.   0.   0.   0.   0.   0.   0.   0.   0.   0.   0.   0. ]
 [ 0.   0.   0.   0.   0.   0.   0.   0.   0.   0.   0.   0.   0.   0.   0.   0.   0.   0.   0.   0.   0.   0.   0.   0. ]
 [ 0.   0.   0.   0.   0.   0.   0.   0.   0.   0.   0.   0.   0.   0.   0.   0.   0.   0.   0.   0.   0.   0.   0.   0. ]
 [ 0.   0.   0.   0.   0.   0.   0.   0.   0.   0.   0.   0.   0.   0.   0.   0.   0.   0.   0.   0.   0.   0.   0.   0. ]
 [ 0.   0.   0.   0.   0.   0.   0.   0.   0.   0.   0.   0.   0.   0.   0.   0.   0.   0.   0.   0.   0.   0.   0.   0. ]
 [ 0.   0.   0.   0.   0.   0.   0.   0.   0.   0.   0.   0.   0.   0.   0.   0.   0.   0.   0.   0.   0.   0.   0.   0. ]
 [ 0.   0.   0.   0.   0.   0.   0.   0.   0.   0.   0.   0.   0.   0.   0.   0.   0.   0.   0.   0.   0.   0.   0.   0. ]]
2026-03-16 17:55:04,287 : envs.wrappers : INFO : PowerObsRewardWrapper attached with params None [-0.01, -0.005, 0.0, -0.002, -0.001, 0.001, 0, 0, 0, -0.001, 0.001, 0, 0, 0, 0, 0, 0, 0, 0, 0, 0, 0, 0, 0] [0.0, 0.0, 0.02, 0.0, 0.0, 0.0, 0, 0, 0.001, 0.0, 0.0, 0, 0, 0.001, 0, 0, 0, 0, 0, 0, 0, 0, 0, 0] 1
2026-03-16 17:55:04,287 : envs.wrappers : INFO : TerminalBonusWrapper attached with params 0.0 -1.0
2026-03-16 17:55:04,287 : envs.wrappers : INFO : ActionPowerRewardWrapper attached with params [-0.001, -0.002, -0.01, -0.002] [0.002, 0.001, 0.002, 0.001] 1
2026-03-16 17:55:04,290 : envs.wrappers : INFO : PowerObsRewardWrapper attached with params [[ 0.   0.   0.   0.   0.   0.   0.   0.   0.   0.   0.   0.   0.   0.   0.   0.   0.   0.   0.   0.   0.   0.   0.   0. ]
 [ 0.   0.   0.   0.   0.   0.   0.   0.   0.   0.   0.   0.   0.   0.   0.   0.   0.   0.   0.   0.   0.   0.   0.   0. ]
 [ 0.   0.   0.   0.   0.   0.   0.   0.   0.   0.   0.   0.   0.   0.   0.   0.   0.   0.   0.   0.   0.   0.   0.   0. ]
 [ 0.   0.   0.   0.   0.   0.   0.   0.   0.   0.   0.   0.   0.   0.   0.   0.   0.   0.   0.   0.   0.   0.   0.   0. ]
 [ 0.   0.   0.   0.   0.   0.   0.   0.   0.   0.   0.   0.   0.   0.   0.   0.   0.   0.   0.   0.   0.   0.   0.   0. ]
 [ 0.   0.   0.   0.   0.   0.   0.   0.   0.   0.  -0.2  0.   0.   0.   0.   0.   0.   0.   0.   0.   0.   0.   0.   0. ]
 [ 0.   0.   0.   0.   0.   0.   0.   0.   0.   0.   0.   0.   0.   0.   0.   0.   0.   0.   0.   0.   0.   0.   0.   0. ]
 [ 0.   0.   0.   0.   0.   0.   0.   0.   0.   0.   0.   0.   0.   0.   0.   0.   0.   0.   0.   0.   0.   0.   0.   0. ]
 [ 0.   0.   0.   0.   0.   0.   0.   0.   0.   0.   0.   0.   0.   0.   0.   0.   0.   0.   0.   0.   0.   0.   0.   0. ]
 [ 0.   0.   0.   0.   0.   0.   0.   0.   0.   0.   0.   0.   0.   0.   0.   0.   0.   0.   0.   0.   0.   0.   0.   0. ]
 [ 0.   0.   0.   0.   0.   0.   0.   0.   0.   0.   0.   0.   0.   0.   0.   0.   0.   0.   0.   0.   0.   0.   0.   0. ]
 [ 0.   0.   0.   0.   0.   0.   0.   0.   0.   0.   0.   0.   0.   0.   0.   0.   0.   0.   0.   0.   0.   0.   0.   0. ]
 [ 0.   0.   0.   0.   0.   0.   0.   0.   0.   0.   0.   0.   0.   0.   0.   0.   0.   0.   0.   0.   0.   0.   0.   0. ]
 [ 0.   0.   0.   0.   0.   0.   0.   0.   0.   0.   0.   0.   0.   0.   0.   0.   0.   0.   0.   0.   0.   0.   0.   0. ]
 [ 0.   0.   0.   0.   0.   0.   0.   0.   0.   0.   0.   0.   0.   0.   0.   0.   0.   0.   0.   0.   0.   0.   0.   0. ]
 [ 0.   0.   0.   0.   0.   0.   0.   0.   0.   0.   0.   0.   0.   0.   0.   0.   0.   0.   0.   0.   0.   0.   0.   0. ]
 [ 0.   0.   0.   0.   0.   0.   0.   0.   0.   0.   0.   0.   0.   0.   0.   0.   0.   0.   0.   0.   0.   0.   0.   0. ]
 [ 0.   0.   0.   0.   0.   0.   0.   0.   0.   0.   0.   0.   0.   0.   0.   0.   0.   0.   0.   0.   0.   0.   0.   0. ]
 [ 0.   0.   0.   0.   0.   0.   0.   0.   0.   0.   0.   0.   0.   0.   0.   0.   0.   0.   0.   0.   0.   0.   0.   0. ]
 [ 0.   0.   0.   0.   0.   0.   0.   0.   0.   0.   0.   0.   0.   0.   0.   0.   0.   0.   0.   0.   0.   0.   0.   0. ]
 [ 0.   0.   0.   0.   0.   0.   0.   0.   0.   0.   0.   0.   0.   0.   0.   0.   0.   0.   0.   0.   0.   0.   0.   0. ]
 [ 0.   0.   0.   0.   0.   0.   0.   0.   0.   0.   0.   0.   0.   0.   0.   0.   0.   0.   0.   0.   0.   0.   0.   0. ]
 [ 0.   0.   0.   0.   0.   0.   0.   0.   0.   0.   0.   0.   0.   0.   0.   0.   0.   0.   0.   0.   0.   0.   0.   0. ]
 [ 0.   0.   0.   0.   0.   0.   0.   0.   0.   0.   0.   0.   0.   0.   0.   0.   0.   0.   0.   0.   0.   0.   0.   0. ]]
2026-03-16 17:55:04,290 : envs.wrappers : INFO : PowerObsRewardWrapper attached with params None [-0.01, -0.005, 0.0, -0.002, -0.001, 0.001, 0, 0, 0, -0.001, 0.001, 0, 0, 0, 0, 0, 0, 0, 0, 0, 0, 0, 0, 0] [0.0, 0.0, 0.02, 0.0, 0.0, 0.0, 0, 0, 0.001, 0.0, 0.0, 0, 0, 0.001, 0, 0, 0, 0, 0, 0, 0, 0, 0, 0] 1
2026-03-16 17:55:04,290 : envs.wrappers : INFO : TerminalBonusWrapper attached with params 0.0 -1.0
2026-03-16 17:55:04,291 : envs.wrappers : INFO : ActionPowerRewardWrapper attached with params [-0.001, -0.002, -0.01, -0.002] [0.002, 0.001, 0.002, 0.001] 1
2026-03-16 17:55:04,294 : envs.wrappers : INFO : PowerObsRewardWrapper attached with params [[ 0.   0.   0.   0.   0.   0.   0.   0.   0.   0.   0.   0.   0.   0.   0.   0.   0.   0.   0.   0.   0.   0.   0.   0. ]
 [ 0.   0.   0.   0.   0.   0.   0.   0.   0.   0.   0.   0.   0.   0.   0.   0.   0.   0.   0.   0.   0.   0.   0.   0. ]
 [ 0.   0.   0.   0.   0.   0.   0.   0.   0.   0.   0.   0.   0.   0.   0.   0.   0.   0.   0.   0.   0.   0.   0.   0. ]
 [ 0.   0.   0.   0.   0.   0.   0.   0.   0.   0.   0.   0.   0.   0.   0.   0.   0.   0.   0.   0.   0.   0.   0.   0. ]
 [ 0.   0.   0.   0.   0.   0.   0.   0.   0.   0.   0.   0.   0.   0.   0.   0.   0.   0.   0.   0.   0.   0.   0.   0. ]
 [ 0.   0.   0.   0.   0.   0.   0.   0.   0.   0.  -0.2  0.   0.   0.   0.   0.   0.   0.   0.   0.   0.   0.   0.   0. ]
 [ 0.   0.   0.   0.   0.   0.   0.   0.   0.   0.   0.   0.   0.   0.   0.   0.   0.   0.   0.   0.   0.   0.   0.   0. ]
 [ 0.   0.   0.   0.   0.   0.   0.   0.   0.   0.   0.   0.   0.   0.   0.   0.   0.   0.   0.   0.   0.   0.   0.   0. ]
 [ 0.   0.   0.   0.   0.   0.   0.   0.   0.   0.   0.   0.   0.   0.   0.   0.   0.   0.   0.   0.   0.   0.   0.   0. ]
 [ 0.   0.   0.   0.   0.   0.   0.   0.   0.   0.   0.   0.   0.   0.   0.   0.   0.   0.   0.   0.   0.   0.   0.   0. ]
 [ 0.   0.   0.   0.   0.   0.   0.   0.   0.   0.   0.   0.   0.   0.   0.   0.   0.   0.   0.   0.   0.   0.   0.   0. ]
 [ 0.   0.   0.   0.   0.   0.   0.   0.   0.   0.   0.   0.   0.   0.   0.   0.   0.   0.   0.   0.   0.   0.   0.   0. ]
 [ 0.   0.   0.   0.   0.   0.   0.   0.   0.   0.   0.   0.   0.   0.   0.   0.   0.   0.   0.   0.   0.   0.   0.   0. ]
 [ 0.   0.   0.   0.   0.   0.   0.   0.   0.   0.   0.   0.   0.   0.   0.   0.   0.   0.   0.   0.   0.   0.   0.   0. ]
 [ 0.   0.   0.   0.   0.   0.   0.   0.   0.   0.   0.   0.   0.   0.   0.   0.   0.   0.   0.   0.   0.   0.   0.   0. ]
 [ 0.   0.   0.   0.   0.   0.   0.   0.   0.   0.   0.   0.   0.   0.   0.   0.   0.   0.   0.   0.   0.   0.   0.   0. ]
 [ 0.   0.   0.   0.   0.   0.   0.   0.   0.   0.   0.   0.   0.   0.   0.   0.   0.   0.   0.   0.   0.   0.   0.   0. ]
 [ 0.   0.   0.   0.   0.   0.   0.   0.   0.   0.   0.   0.   0.   0.   0.   0.   0.   0.   0.   0.   0.   0.   0.   0. ]
 [ 0.   0.   0.   0.   0.   0.   0.   0.   0.   0.   0.   0.   0.   0.   0.   0.   0.   0.   0.   0.   0.   0.   0.   0. ]
 [ 0.   0.   0.   0.   0.   0.   0.   0.   0.   0.   0.   0.   0.   0.   0.   0.   0.   0.   0.   0.   0.   0.   0.   0. ]
 [ 0.   0.   0.   0.   0.   0.   0.   0.   0.   0.   0.   0.   0.   0.   0.   0.   0.   0.   0.   0.   0.   0.   0.   0. ]
 [ 0.   0.   0.   0.   0.   0.   0.   0.   0.   0.   0.   0.   0.   0.   0.   0.   0.   0.   0.   0.   0.   0.   0.   0. ]
 [ 0.   0.   0.   0.   0.   0.   0.   0.   0.   0.   0.   0.   0.   0.   0.   0.   0.   0.   0.   0.   0.   0.   0.   0. ]
 [ 0.   0.   0.   0.   0.   0.   0.   0.   0.   0.   0.   0.   0.   0.   0.   0.   0.   0.   0.   0.   0.   0.   0.   0. ]]
2026-03-16 17:55:04,294 : envs.wrappers : INFO : PowerObsRewardWrapper attached with params None [-0.01, -0.005, 0.0, -0.002, -0.001, 0.001, 0, 0, 0, -0.001, 0.001, 0, 0, 0, 0, 0, 0, 0, 0, 0, 0, 0, 0, 0] [0.0, 0.0, 0.02, 0.0, 0.0, 0.0, 0, 0, 0.001, 0.0, 0.0, 0, 0, 0.001, 0, 0, 0, 0, 0, 0, 0, 0, 0, 0] 1
2026-03-16 17:55:04,294 : envs.wrappers : INFO : TerminalBonusWrapper attached with params 0.0 -1.0
2026-03-16 17:55:04,296 : envs.wrappers : INFO : ActionPowerRewardWrapper attached with params [-0.001, -0.002, -0.01, -0.002] [0.002, 0.001, 0.002, 0.001] 1
2026-03-16 17:55:04,299 : envs.wrappers : INFO : PowerObsRewardWrapper attached with params [[ 0.   0.   0.   0.   0.   0.   0.   0.   0.   0.   0.   0.   0.   0.   0.   0.   0.   0.   0.   0.   0.   0.   0.   0. ]
 [ 0.   0.   0.   0.   0.   0.   0.   0.   0.   0.   0.   0.   0.   0.   0.   0.   0.   0.   0.   0.   0.   0.   0.   0. ]
 [ 0.   0.   0.   0.   0.   0.   0.   0.   0.   0.   0.   0.   0.   0.   0.   0.   0.   0.   0.   0.   0.   0.   0.   0. ]
 [ 0.   0.   0.   0.   0.   0.   0.   0.   0.   0.   0.   0.   0.   0.   0.   0.   0.   0.   0.   0.   0.   0.   0.   0. ]
 [ 0.   0.   0.   0.   0.   0.   0.   0.   0.   0.   0.   0.   0.   0.   0.   0.   0.   0.   0.   0.   0.   0.   0.   0. ]
 [ 0.   0.   0.   0.   0.   0.   0.   0.   0.   0.  -0.2  0.   0.   0.   0.   0.   0.   0.   0.   0.   0.   0.   0.   0. ]
 [ 0.   0.   0.   0.   0.   0.   0.   0.   0.   0.   0.   0.   0.   0.   0.   0.   0.   0.   0.   0.   0.   0.   0.   0. ]
 [ 0.   0.   0.   0.   0.   0.   0.   0.   0.   0.   0.   0.   0.   0.   0.   0.   0.   0.   0.   0.   0.   0.   0.   0. ]
 [ 0.   0.   0.   0.   0.   0.   0.   0.   0.   0.   0.   0.   0.   0.   0.   0.   0.   0.   0.   0.   0.   0.   0.   0. ]
 [ 0.   0.   0.   0.   0.   0.   0.   0.   0.   0.   0.   0.   0.   0.   0.   0.   0.   0.   0.   0.   0.   0.   0.   0. ]
 [ 0.   0.   0.   0.   0.   0.   0.   0.   0.   0.   0.   0.   0.   0.   0.   0.   0.   0.   0.   0.   0.   0.   0.   0. ]
 [ 0.   0.   0.   0.   0.   0.   0.   0.   0.   0.   0.   0.   0.   0.   0.   0.   0.   0.   0.   0.   0.   0.   0.   0. ]
 [ 0.   0.   0.   0.   0.   0.   0.   0.   0.   0.   0.   0.   0.   0.   0.   0.   0.   0.   0.   0.   0.   0.   0.   0. ]
 [ 0.   0.   0.   0.   0.   0.   0.   0.   0.   0.   0.   0.   0.   0.   0.   0.   0.   0.   0.   0.   0.   0.   0.   0. ]
 [ 0.   0.   0.   0.   0.   0.   0.   0.   0.   0.   0.   0.   0.   0.   0.   0.   0.   0.   0.   0.   0.   0.   0.   0. ]
 [ 0.   0.   0.   0.   0.   0.   0.   0.   0.   0.   0.   0.   0.   0.   0.   0.   0.   0.   0.   0.   0.   0.   0.   0. ]
 [ 0.   0.   0.   0.   0.   0.   0.   0.   0.   0.   0.   0.   0.   0.   0.   0.   0.   0.   0.   0.   0.   0.   0.   0. ]
 [ 0.   0.   0.   0.   0.   0.   0.   0.   0.   0.   0.   0.   0.   0.   0.   0.   0.   0.   0.   0.   0.   0.   0.   0. ]
 [ 0.   0.   0.   0.   0.   0.   0.   0.   0.   0.   0.   0.   0.   0.   0.   0.   0.   0.   0.   0.   0.   0.   0.   0. ]
 [ 0.   0.   0.   0.   0.   0.   0.   0.   0.   0.   0.   0.   0.   0.   0.   0.   0.   0.   0.   0.   0.   0.   0.   0. ]
 [ 0.   0.   0.   0.   0.   0.   0.   0.   0.   0.   0.   0.   0.   0.   0.   0.   0.   0.   0.   0.   0.   0.   0.   0. ]
 [ 0.   0.   0.   0.   0.   0.   0.   0.   0.   0.   0.   0.   0.   0.   0.   0.   0.   0.   0.   0.   0.   0.   0.   0. ]
 [ 0.   0.   0.   0.   0.   0.   0.   0.   0.   0.   0.   0.   0.   0.   0.   0.   0.   0.   0.   0.   0.   0.   0.   0. ]
 [ 0.   0.   0.   0.   0.   0.   0.   0.   0.   0.   0.   0.   0.   0.   0.   0.   0.   0.   0.   0.   0.   0.   0.   0. ]]
2026-03-16 17:55:04,299 : envs.wrappers : INFO : PowerObsRewardWrapper attached with params None [-0.01, -0.005, 0.0, -0.002, -0.001, 0.001, 0, 0, 0, -0.001, 0.001, 0, 0, 0, 0, 0, 0, 0, 0, 0, 0, 0, 0, 0] [0.0, 0.0, 0.02, 0.0, 0.0, 0.0, 0, 0, 0.001, 0.0, 0.0, 0, 0, 0.001, 0, 0, 0, 0, 0, 0, 0, 0, 0, 0] 1
2026-03-16 17:55:04,299 : envs.wrappers : INFO : TerminalBonusWrapper attached with params 0.0 -1.0
2026-03-16 17:55:04,300 : envs.wrappers : INFO : ActionPowerRewardWrapper attached with params [-0.001, -0.002, -0.01, -0.002] [0.002, 0.001, 0.002, 0.001] 1
2026-03-16 17:55:04,303 : envs.wrappers : INFO : PowerObsRewardWrapper attached with params [[ 0.   0.   0.   0.   0.   0.   0.   0.   0.   0.   0.   0.   0.   0.   0.   0.   0.   0.   0.   0.   0.   0.   0.   0. ]
 [ 0.   0.   0.   0.   0.   0.   0.   0.   0.   0.   0.   0.   0.   0.   0.   0.   0.   0.   0.   0.   0.   0.   0.   0. ]
 [ 0.   0.   0.   0.   0.   0.   0.   0.   0.   0.   0.   0.   0.   0.   0.   0.   0.   0.   0.   0.   0.   0.   0.   0. ]
 [ 0.   0.   0.   0.   0.   0.   0.   0.   0.   0.   0.   0.   0.   0.   0.   0.   0.   0.   0.   0.   0.   0.   0.   0. ]
 [ 0.   0.   0.   0.   0.   0.   0.   0.   0.   0.   0.   0.   0.   0.   0.   0.   0.   0.   0.   0.   0.   0.   0.   0. ]
 [ 0.   0.   0.   0.   0.   0.   0.   0.   0.   0.  -0.2  0.   0.   0.   0.   0.   0.   0.   0.   0.   0.   0.   0.   0. ]
 [ 0.   0.   0.   0.   0.   0.   0.   0.   0.   0.   0.   0.   0.   0.   0.   0.   0.   0.   0.   0.   0.   0.   0.   0. ]
 [ 0.   0.   0.   0.   0.   0.   0.   0.   0.   0.   0.   0.   0.   0.   0.   0.   0.   0.   0.   0.   0.   0.   0.   0. ]
 [ 0.   0.   0.   0.   0.   0.   0.   0.   0.   0.   0.   0.   0.   0.   0.   0.   0.   0.   0.   0.   0.   0.   0.   0. ]
 [ 0.   0.   0.   0.   0.   0.   0.   0.   0.   0.   0.   0.   0.   0.   0.   0.   0.   0.   0.   0.   0.   0.   0.   0. ]
 [ 0.   0.   0.   0.   0.   0.   0.   0.   0.   0.   0.   0.   0.   0.   0.   0.   0.   0.   0.   0.   0.   0.   0.   0. ]
 [ 0.   0.   0.   0.   0.   0.   0.   0.   0.   0.   0.   0.   0.   0.   0.   0.   0.   0.   0.   0.   0.   0.   0.   0. ]
 [ 0.   0.   0.   0.   0.   0.   0.   0.   0.   0.   0.   0.   0.   0.   0.   0.   0.   0.   0.   0.   0.   0.   0.   0. ]
 [ 0.   0.   0.   0.   0.   0.   0.   0.   0.   0.   0.   0.   0.   0.   0.   0.   0.   0.   0.   0.   0.   0.   0.   0. ]
 [ 0.   0.   0.   0.   0.   0.   0.   0.   0.   0.   0.   0.   0.   0.   0.   0.   0.   0.   0.   0.   0.   0.   0.   0. ]
 [ 0.   0.   0.   0.   0.   0.   0.   0.   0.   0.   0.   0.   0.   0.   0.   0.   0.   0.   0.   0.   0.   0.   0.   0. ]
 [ 0.   0.   0.   0.   0.   0.   0.   0.   0.   0.   0.   0.   0.   0.   0.   0.   0.   0.   0.   0.   0.   0.   0.   0. ]
 [ 0.   0.   0.   0.   0.   0.   0.   0.   0.   0.   0.   0.   0.   0.   0.   0.   0.   0.   0.   0.   0.   0.   0.   0. ]
 [ 0.   0.   0.   0.   0.   0.   0.   0.   0.   0.   0.   0.   0.   0.   0.   0.   0.   0.   0.   0.   0.   0.   0.   0. ]
 [ 0.   0.   0.   0.   0.   0.   0.   0.   0.   0.   0.   0.   0.   0.   0.   0.   0.   0.   0.   0.   0.   0.   0.   0. ]
 [ 0.   0.   0.   0.   0.   0.   0.   0.   0.   0.   0.   0.   0.   0.   0.   0.   0.   0.   0.   0.   0.   0.   0.   0. ]
 [ 0.   0.   0.   0.   0.   0.   0.   0.   0.   0.   0.   0.   0.   0.   0.   0.   0.   0.   0.   0.   0.   0.   0.   0. ]
 [ 0.   0.   0.   0.   0.   0.   0.   0.   0.   0.   0.   0.   0.   0.   0.   0.   0.   0.   0.   0.   0.   0.   0.   0. ]
 [ 0.   0.   0.   0.   0.   0.   0.   0.   0.   0.   0.   0.   0.   0.   0.   0.   0.   0.   0.   0.   0.   0.   0.   0. ]]
2026-03-16 17:55:04,303 : envs.wrappers : INFO : PowerObsRewardWrapper attached with params None [-0.01, -0.005, 0.0, -0.002, -0.001, 0.001, 0, 0, 0, -0.001, 0.001, 0, 0, 0, 0, 0, 0, 0, 0, 0, 0, 0, 0, 0] [0.0, 0.0, 0.02, 0.0, 0.0, 0.0, 0, 0, 0.001, 0.0, 0.0, 0, 0, 0.001, 0, 0, 0, 0, 0, 0, 0, 0, 0, 0] 1
2026-03-16 17:55:04,303 : envs.wrappers : INFO : TerminalBonusWrapper attached with params 0.0 -1.0
2026-03-16 17:55:04,305 : envs.wrappers : INFO : ActionPowerRewardWrapper attached with params [-0.001, -0.002, -0.01, -0.002] [0.002, 0.001, 0.002, 0.001] 1
2026-03-16 17:55:04,308 : envs.wrappers : INFO : PowerObsRewardWrapper attached with params [[ 0.   0.   0.   0.   0.   0.   0.   0.   0.   0.   0.   0.   0.   0.   0.   0.   0.   0.   0.   0.   0.   0.   0.   0. ]
 [ 0.   0.   0.   0.   0.   0.   0.   0.   0.   0.   0.   0.   0.   0.   0.   0.   0.   0.   0.   0.   0.   0.   0.   0. ]
 [ 0.   0.   0.   0.   0.   0.   0.   0.   0.   0.   0.   0.   0.   0.   0.   0.   0.   0.   0.   0.   0.   0.   0.   0. ]
 [ 0.   0.   0.   0.   0.   0.   0.   0.   0.   0.   0.   0.   0.   0.   0.   0.   0.   0.   0.   0.   0.   0.   0.   0. ]
 [ 0.   0.   0.   0.   0.   0.   0.   0.   0.   0.   0.   0.   0.   0.   0.   0.   0.   0.   0.   0.   0.   0.   0.   0. ]
 [ 0.   0.   0.   0.   0.   0.   0.   0.   0.   0.  -0.2  0.   0.   0.   0.   0.   0.   0.   0.   0.   0.   0.   0.   0. ]
 [ 0.   0.   0.   0.   0.   0.   0.   0.   0.   0.   0.   0.   0.   0.   0.   0.   0.   0.   0.   0.   0.   0.   0.   0. ]
 [ 0.   0.   0.   0.   0.   0.   0.   0.   0.   0.   0.   0.   0.   0.   0.   0.   0.   0.   0.   0.   0.   0.   0.   0. ]
 [ 0.   0.   0.   0.   0.   0.   0.   0.   0.   0.   0.   0.   0.   0.   0.   0.   0.   0.   0.   0.   0.   0.   0.   0. ]
 [ 0.   0.   0.   0.   0.   0.   0.   0.   0.   0.   0.   0.   0.   0.   0.   0.   0.   0.   0.   0.   0.   0.   0.   0. ]
 [ 0.   0.   0.   0.   0.   0.   0.   0.   0.   0.   0.   0.   0.   0.   0.   0.   0.   0.   0.   0.   0.   0.   0.   0. ]
 [ 0.   0.   0.   0.   0.   0.   0.   0.   0.   0.   0.   0.   0.   0.   0.   0.   0.   0.   0.   0.   0.   0.   0.   0. ]
 [ 0.   0.   0.   0.   0.   0.   0.   0.   0.   0.   0.   0.   0.   0.   0.   0.   0.   0.   0.   0.   0.   0.   0.   0. ]
 [ 0.   0.   0.   0.   0.   0.   0.   0.   0.   0.   0.   0.   0.   0.   0.   0.   0.   0.   0.   0.   0.   0.   0.   0. ]
 [ 0.   0.   0.   0.   0.   0.   0.   0.   0.   0.   0.   0.   0.   0.   0.   0.   0.   0.   0.   0.   0.   0.   0.   0. ]
 [ 0.   0.   0.   0.   0.   0.   0.   0.   0.   0.   0.   0.   0.   0.   0.   0.   0.   0.   0.   0.   0.   0.   0.   0. ]
 [ 0.   0.   0.   0.   0.   0.   0.   0.   0.   0.   0.   0.   0.   0.   0.   0.   0.   0.   0.   0.   0.   0.   0.   0. ]
 [ 0.   0.   0.   0.   0.   0.   0.   0.   0.   0.   0.   0.   0.   0.   0.   0.   0.   0.   0.   0.   0.   0.   0.   0. ]
 [ 0.   0.   0.   0.   0.   0.   0.   0.   0.   0.   0.   0.   0.   0.   0.   0.   0.   0.   0.   0.   0.   0.   0.   0. ]
 [ 0.   0.   0.   0.   0.   0.   0.   0.   0.   0.   0.   0.   0.   0.   0.   0.   0.   0.   0.   0.   0.   0.   0.   0. ]
 [ 0.   0.   0.   0.   0.   0.   0.   0.   0.   0.   0.   0.   0.   0.   0.   0.   0.   0.   0.   0.   0.   0.   0.   0. ]
 [ 0.   0.   0.   0.   0.   0.   0.   0.   0.   0.   0.   0.   0.   0.   0.   0.   0.   0.   0.   0.   0.   0.   0.   0. ]
 [ 0.   0.   0.   0.   0.   0.   0.   0.   0.   0.   0.   0.   0.   0.   0.   0.   0.   0.   0.   0.   0.   0.   0.   0. ]
 [ 0.   0.   0.   0.   0.   0.   0.   0.   0.   0.   0.   0.   0.   0.   0.   0.   0.   0.   0.   0.   0.   0.   0.   0. ]]
2026-03-16 17:55:04,308 : envs.wrappers : INFO : PowerObsRewardWrapper attached with params None [-0.01, -0.005, 0.0, -0.002, -0.001, 0.001, 0, 0, 0, -0.001, 0.001, 0, 0, 0, 0, 0, 0, 0, 0, 0, 0, 0, 0, 0] [0.0, 0.0, 0.02, 0.0, 0.0, 0.0, 0, 0, 0.001, 0.0, 0.0, 0, 0, 0.001, 0, 0, 0, 0, 0, 0, 0, 0, 0, 0] 1
2026-03-16 17:55:04,308 : envs.wrappers : INFO : TerminalBonusWrapper attached with params 0.0 -1.0
2026-03-16 17:55:04,309 : envs.wrappers : INFO : ActionPowerRewardWrapper attached with params [-0.001, -0.002, -0.01, -0.002] [0.002, 0.001, 0.002, 0.001] 1
2026-03-16 17:55:04,312 : envs.wrappers : INFO : PowerObsRewardWrapper attached with params [[ 0.   0.   0.   0.   0.   0.   0.   0.   0.   0.   0.   0.   0.   0.   0.   0.   0.   0.   0.   0.   0.   0.   0.   0. ]
 [ 0.   0.   0.   0.   0.   0.   0.   0.   0.   0.   0.   0.   0.   0.   0.   0.   0.   0.   0.   0.   0.   0.   0.   0. ]
 [ 0.   0.   0.   0.   0.   0.   0.   0.   0.   0.   0.   0.   0.   0.   0.   0.   0.   0.   0.   0.   0.   0.   0.   0. ]
 [ 0.   0.   0.   0.   0.   0.   0.   0.   0.   0.   0.   0.   0.   0.   0.   0.   0.   0.   0.   0.   0.   0.   0.   0. ]
 [ 0.   0.   0.   0.   0.   0.   0.   0.   0.   0.   0.   0.   0.   0.   0.   0.   0.   0.   0.   0.   0.   0.   0.   0. ]
 [ 0.   0.   0.   0.   0.   0.   0.   0.   0.   0.  -0.2  0.   0.   0.   0.   0.   0.   0.   0.   0.   0.   0.   0.   0. ]
 [ 0.   0.   0.   0.   0.   0.   0.   0.   0.   0.   0.   0.   0.   0.   0.   0.   0.   0.   0.   0.   0.   0.   0.   0. ]
 [ 0.   0.   0.   0.   0.   0.   0.   0.   0.   0.   0.   0.   0.   0.   0.   0.   0.   0.   0.   0.   0.   0.   0.   0. ]
 [ 0.   0.   0.   0.   0.   0.   0.   0.   0.   0.   0.   0.   0.   0.   0.   0.   0.   0.   0.   0.   0.   0.   0.   0. ]
 [ 0.   0.   0.   0.   0.   0.   0.   0.   0.   0.   0.   0.   0.   0.   0.   0.   0.   0.   0.   0.   0.   0.   0.   0. ]
 [ 0.   0.   0.   0.   0.   0.   0.   0.   0.   0.   0.   0.   0.   0.   0.   0.   0.   0.   0.   0.   0.   0.   0.   0. ]
 [ 0.   0.   0.   0.   0.   0.   0.   0.   0.   0.   0.   0.   0.   0.   0.   0.   0.   0.   0.   0.   0.   0.   0.   0. ]
 [ 0.   0.   0.   0.   0.   0.   0.   0.   0.   0.   0.   0.   0.   0.   0.   0.   0.   0.   0.   0.   0.   0.   0.   0. ]
 [ 0.   0.   0.   0.   0.   0.   0.   0.   0.   0.   0.   0.   0.   0.   0.   0.   0.   0.   0.   0.   0.   0.   0.   0. ]
 [ 0.   0.   0.   0.   0.   0.   0.   0.   0.   0.   0.   0.   0.   0.   0.   0.   0.   0.   0.   0.   0.   0.   0.   0. ]
 [ 0.   0.   0.   0.   0.   0.   0.   0.   0.   0.   0.   0.   0.   0.   0.   0.   0.   0.   0.   0.   0.   0.   0.   0. ]
 [ 0.   0.   0.   0.   0.   0.   0.   0.   0.   0.   0.   0.   0.   0.   0.   0.   0.   0.   0.   0.   0.   0.   0.   0. ]
 [ 0.   0.   0.   0.   0.   0.   0.   0.   0.   0.   0.   0.   0.   0.   0.   0.   0.   0.   0.   0.   0.   0.   0.   0. ]
 [ 0.   0.   0.   0.   0.   0.   0.   0.   0.   0.   0.   0.   0.   0.   0.   0.   0.   0.   0.   0.   0.   0.   0.   0. ]
 [ 0.   0.   0.   0.   0.   0.   0.   0.   0.   0.   0.   0.   0.   0.   0.   0.   0.   0.   0.   0.   0.   0.   0.   0. ]
 [ 0.   0.   0.   0.   0.   0.   0.   0.   0.   0.   0.   0.   0.   0.   0.   0.   0.   0.   0.   0.   0.   0.   0.   0. ]
 [ 0.   0.   0.   0.   0.   0.   0.   0.   0.   0.   0.   0.   0.   0.   0.   0.   0.   0.   0.   0.   0.   0.   0.   0. ]
 [ 0.   0.   0.   0.   0.   0.   0.   0.   0.   0.   0.   0.   0.   0.   0.   0.   0.   0.   0.   0.   0.   0.   0.   0. ]
 [ 0.   0.   0.   0.   0.   0.   0.   0.   0.   0.   0.   0.   0.   0.   0.   0.   0.   0.   0.   0.   0.   0.   0.   0. ]]
2026-03-16 17:55:04,312 : envs.wrappers : INFO : PowerObsRewardWrapper attached with params None [-0.01, -0.005, 0.0, -0.002, -0.001, 0.001, 0, 0, 0, -0.001, 0.001, 0, 0, 0, 0, 0, 0, 0, 0, 0, 0, 0, 0, 0] [0.0, 0.0, 0.02, 0.0, 0.0, 0.0, 0, 0, 0.001, 0.0, 0.0, 0, 0, 0.001, 0, 0, 0, 0, 0, 0, 0, 0, 0, 0] 1
2026-03-16 17:55:04,312 : envs.wrappers : INFO : TerminalBonusWrapper attached with params 0.0 -1.0
2026-03-16 17:55:04,314 : envs.wrappers : INFO : ActionPowerRewardWrapper attached with params [-0.001, -0.002, -0.01, -0.002] [0.002, 0.001, 0.002, 0.001] 1
2026-03-16 17:55:04,317 : envs.wrappers : INFO : PowerObsRewardWrapper attached with params [[ 0.   0.   0.   0.   0.   0.   0.   0.   0.   0.   0.   0.   0.   0.   0.   0.   0.   0.   0.   0.   0.   0.   0.   0. ]
 [ 0.   0.   0.   0.   0.   0.   0.   0.   0.   0.   0.   0.   0.   0.   0.   0.   0.   0.   0.   0.   0.   0.   0.   0. ]
 [ 0.   0.   0.   0.   0.   0.   0.   0.   0.   0.   0.   0.   0.   0.   0.   0.   0.   0.   0.   0.   0.   0.   0.   0. ]
 [ 0.   0.   0.   0.   0.   0.   0.   0.   0.   0.   0.   0.   0.   0.   0.   0.   0.   0.   0.   0.   0.   0.   0.   0. ]
 [ 0.   0.   0.   0.   0.   0.   0.   0.   0.   0.   0.   0.   0.   0.   0.   0.   0.   0.   0.   0.   0.   0.   0.   0. ]
 [ 0.   0.   0.   0.   0.   0.   0.   0.   0.   0.  -0.2  0.   0.   0.   0.   0.   0.   0.   0.   0.   0.   0.   0.   0. ]
 [ 0.   0.   0.   0.   0.   0.   0.   0.   0.   0.   0.   0.   0.   0.   0.   0.   0.   0.   0.   0.   0.   0.   0.   0. ]
 [ 0.   0.   0.   0.   0.   0.   0.   0.   0.   0.   0.   0.   0.   0.   0.   0.   0.   0.   0.   0.   0.   0.   0.   0. ]
 [ 0.   0.   0.   0.   0.   0.   0.   0.   0.   0.   0.   0.   0.   0.   0.   0.   0.   0.   0.   0.   0.   0.   0.   0. ]
 [ 0.   0.   0.   0.   0.   0.   0.   0.   0.   0.   0.   0.   0.   0.   0.   0.   0.   0.   0.   0.   0.   0.   0.   0. ]
 [ 0.   0.   0.   0.   0.   0.   0.   0.   0.   0.   0.   0.   0.   0.   0.   0.   0.   0.   0.   0.   0.   0.   0.   0. ]
 [ 0.   0.   0.   0.   0.   0.   0.   0.   0.   0.   0.   0.   0.   0.   0.   0.   0.   0.   0.   0.   0.   0.   0.   0. ]
 [ 0.   0.   0.   0.   0.   0.   0.   0.   0.   0.   0.   0.   0.   0.   0.   0.   0.   0.   0.   0.   0.   0.   0.   0. ]
 [ 0.   0.   0.   0.   0.   0.   0.   0.   0.   0.   0.   0.   0.   0.   0.   0.   0.   0.   0.   0.   0.   0.   0.   0. ]
 [ 0.   0.   0.   0.   0.   0.   0.   0.   0.   0.   0.   0.   0.   0.   0.   0.   0.   0.   0.   0.   0.   0.   0.   0. ]
 [ 0.   0.   0.   0.   0.   0.   0.   0.   0.   0.   0.   0.   0.   0.   0.   0.   0.   0.   0.   0.   0.   0.   0.   0. ]
 [ 0.   0.   0.   0.   0.   0.   0.   0.   0.   0.   0.   0.   0.   0.   0.   0.   0.   0.   0.   0.   0.   0.   0.   0. ]
 [ 0.   0.   0.   0.   0.   0.   0.   0.   0.   0.   0.   0.   0.   0.   0.   0.   0.   0.   0.   0.   0.   0.   0.   0. ]
 [ 0.   0.   0.   0.   0.   0.   0.   0.   0.   0.   0.   0.   0.   0.   0.   0.   0.   0.   0.   0.   0.   0.   0.   0. ]
 [ 0.   0.   0.   0.   0.   0.   0.   0.   0.   0.   0.   0.   0.   0.   0.   0.   0.   0.   0.   0.   0.   0.   0.   0. ]
 [ 0.   0.   0.   0.   0.   0.   0.   0.   0.   0.   0.   0.   0.   0.   0.   0.   0.   0.   0.   0.   0.   0.   0.   0. ]
 [ 0.   0.   0.   0.   0.   0.   0.   0.   0.   0.   0.   0.   0.   0.   0.   0.   0.   0.   0.   0.   0.   0.   0.   0. ]
 [ 0.   0.   0.   0.   0.   0.   0.   0.   0.   0.   0.   0.   0.   0.   0.   0.   0.   0.   0.   0.   0.   0.   0.   0. ]
 [ 0.   0.   0.   0.   0.   0.   0.   0.   0.   0.   0.   0.   0.   0.   0.   0.   0.   0.   0.   0.   0.   0.   0.   0. ]]
2026-03-16 17:55:04,317 : envs.wrappers : INFO : PowerObsRewardWrapper attached with params None [-0.01, -0.005, 0.0, -0.002, -0.001, 0.001, 0, 0, 0, -0.001, 0.001, 0, 0, 0, 0, 0, 0, 0, 0, 0, 0, 0, 0, 0] [0.0, 0.0, 0.02, 0.0, 0.0, 0.0, 0, 0, 0.001, 0.0, 0.0, 0, 0, 0.001, 0, 0, 0, 0, 0, 0, 0, 0, 0, 0] 1
2026-03-16 17:55:04,317 : envs.wrappers : INFO : TerminalBonusWrapper attached with params 0.0 -1.0
2026-03-16 17:55:05,673 : worker.worker : INFO : ==================== Start training ====================
2026-03-16 17:55:06,067 : network.model : INFO : Saved model to logs/BipedalWalkerHardcore/PPO/v6/model.pt
2026-03-16 17:55:24,499 : evaluate.evaluate : INFO : Final state tensor([ 4.5415e-01, -3.4151e-05,  1.5815e-04,  6.4263e-05,  1.1311e+00,
         2.7569e-05, -6.2436e-01, -3.3110e-05,  1.0000e+00, -8.3490e-01,
        -2.8801e-06, -2.4674e-01,  1.4596e-04,  0.0000e+00,  2.6873e-01,
         2.7179e-01,  2.8130e-01,  2.9844e-01,  3.2560e-01,  3.6728e-01,
         4.3232e-01,  5.4009e-01,  7.4162e-01,  9.6410e-01])
2026-03-16 17:55:24,499 : evaluate.evaluate : INFO : Evaluation results: mean = -12.27, std = 0.00, min = -12.27, max = -12.27, count = 1
2026-03-16 17:55:24,499 : evaluate.evaluate : INFO : Evaluation lengths: mean = 1600.00, std = 0.00, min = 1600.00, max = 1600.00, count = 1
2026-03-16 17:55:24,500 : evaluate.evaluate : INFO : Covariance matrix:
[0.006 0.006 0.006 0.006]
2026-03-16 18:15:23,808 : envs.wrappers : INFO : Env truncated due to lack of movement
2026-03-16 18:15:39,164 : envs.wrappers : INFO : Env truncated due to lack of movement
2026-03-16 18:17:32,855 : envs.wrappers : INFO : Env truncated due to lack of movement
2026-03-16 18:17:40,453 : envs.wrappers : INFO : Env truncated due to lack of movement
2026-03-16 18:17:48,524 : envs.wrappers : INFO : Env truncated due to lack of movement
2026-03-16 18:17:54,025 : envs.wrappers : INFO : Env truncated due to lack of movement
2026-03-16 18:18:07,461 : envs.wrappers : INFO : Env truncated due to lack of movement
2026-03-16 18:18:32,883 : envs.wrappers : INFO : Env truncated due to lack of movement
2026-03-16 18:18:37,703 : envs.wrappers : INFO : Env truncated due to lack of movement
2026-03-16 18:18:37,959 : envs.wrappers : INFO : Env truncated due to lack of movement
2026-03-16 18:18:52,597 : envs.wrappers : INFO : Env truncated due to lack of movement
2026-03-16 18:18:54,820 : envs.wrappers : INFO : Env truncated due to lack of movement
2026-03-16 18:19:17,116 : envs.wrappers : INFO : Env truncated due to lack of movement
2026-03-16 18:19:40,239 : envs.wrappers : INFO : Env truncated due to lack of movement
2026-03-16 18:19:49,290 : envs.wrappers : INFO : Env truncated due to lack of movement
2026-03-16 18:19:51,466 : envs.wrappers : INFO : Env truncated due to lack of movement
2026-03-16 18:19:52,224 : envs.wrappers : INFO : Env truncated due to lack of movement
2026-03-16 18:19:52,379 : envs.wrappers : INFO : Env truncated due to lack of movement
2026-03-16 18:19:54,677 : envs.wrappers : INFO : Env truncated due to lack of movement
2026-03-16 18:20:03,606 : envs.wrappers : INFO : Env truncated due to lack of movement
2026-03-16 18:20:07,039 : envs.wrappers : INFO : Env truncated due to lack of movement
2026-03-16 18:20:07,115 : envs.wrappers : INFO : Env truncated due to lack of movement
2026-03-16 18:20:07,322 : envs.wrappers : INFO : Env truncated due to lack of movement
2026-03-16 18:20:07,707 : envs.wrappers : INFO : Env truncated due to lack of movement
2026-03-16 18:20:30,851 : envs.wrappers : INFO : Env truncated due to lack of movement
2026-03-16 18:20:32,303 : envs.wrappers : INFO : Env truncated due to lack of movement
2026-03-16 18:20:34,398 : envs.wrappers : INFO : Env truncated due to lack of movement
2026-03-16 18:21:07,825 : envs.wrappers : INFO : Env truncated due to lack of movement
2026-03-16 18:21:21,401 : envs.wrappers : INFO : Env truncated due to lack of movement
2026-03-16 18:21:28,181 : envs.wrappers : INFO : Env truncated due to lack of movement
2026-03-16 18:21:42,663 : envs.wrappers : INFO : Env truncated due to lack of movement
2026-03-16 18:21:48,856 : envs.wrappers : INFO : Env truncated due to lack of movement
2026-03-16 18:21:56,672 : envs.wrappers : INFO : Env truncated due to lack of movement
2026-03-16 18:22:03,157 : envs.wrappers : INFO : Env truncated due to lack of movement
2026-03-16 18:22:12,365 : envs.wrappers : INFO : Env truncated due to lack of movement
2026-03-16 18:22:13,247 : envs.wrappers : INFO : Env truncated due to lack of movement
2026-03-16 18:22:14,804 : envs.wrappers : INFO : Env truncated due to lack of movement
2026-03-16 18:22:15,001 : envs.wrappers : INFO : Env truncated due to lack of movement
2026-03-16 18:22:28,138 : envs.wrappers : INFO : Env truncated due to lack of movement
2026-03-16 18:22:28,941 : envs.wrappers : INFO : Env truncated due to lack of movement
2026-03-16 18:22:43,989 : envs.wrappers : INFO : Env truncated due to lack of movement
2026-03-16 18:22:46,695 : envs.wrappers : INFO : Env truncated due to lack of movement
2026-03-16 18:22:48,410 : envs.wrappers : INFO : Env truncated due to lack of movement
2026-03-16 18:23:00,997 : envs.wrappers : INFO : Env truncated due to lack of movement
2026-03-16 18:23:01,645 : envs.wrappers : INFO : Env truncated due to lack of movement
2026-03-16 18:23:02,091 : envs.wrappers : INFO : Env truncated due to lack of movement
2026-03-16 18:23:10,253 : envs.wrappers : INFO : Env truncated due to lack of movement
2026-03-16 18:23:14,793 : envs.wrappers : INFO : Env truncated due to lack of movement
2026-03-16 18:23:30,310 : envs.wrappers : INFO : Env truncated due to lack of movement
2026-03-16 18:23:44,149 : envs.wrappers : INFO : Env truncated due to lack of movement
2026-03-16 18:23:44,395 : envs.wrappers : INFO : Env truncated due to lack of movement
2026-03-16 18:23:44,910 : envs.wrappers : INFO : Env truncated due to lack of movement
2026-03-16 18:23:52,401 : envs.wrappers : INFO : Env truncated due to lack of movement
2026-03-16 18:23:54,580 : envs.wrappers : INFO : Env truncated due to lack of movement
2026-03-16 18:23:58,484 : envs.wrappers : INFO : Env truncated due to lack of movement
2026-03-16 18:24:10,675 : envs.wrappers : INFO : Env truncated due to lack of movement
2026-03-16 18:24:12,266 : envs.wrappers : INFO : Env truncated due to lack of movement
2026-03-16 18:24:24,848 : envs.wrappers : INFO : Env truncated due to lack of movement
2026-03-16 18:24:34,877 : envs.wrappers : INFO : Env truncated due to lack of movement
2026-03-16 18:24:37,130 : envs.wrappers : INFO : Env truncated due to lack of movement
2026-03-16 18:24:40,189 : envs.wrappers : INFO : Env truncated due to lack of movement
2026-03-16 18:24:54,212 : envs.wrappers : INFO : Env truncated due to lack of movement
2026-03-16 18:24:55,503 : envs.wrappers : INFO : Env truncated due to lack of movement
2026-03-16 18:25:07,162 : envs.wrappers : INFO : Env truncated due to lack of movement
2026-03-16 18:25:08,831 : envs.wrappers : INFO : Env truncated due to lack of movement
2026-03-16 18:25:22,865 : envs.wrappers : INFO : Env truncated due to lack of movement
2026-03-16 18:25:27,111 : envs.wrappers : INFO : Env truncated due to lack of movement
2026-03-16 18:25:36,477 : envs.wrappers : INFO : Env truncated due to lack of movement
2026-03-16 18:26:04,008 : envs.wrappers : INFO : Env truncated due to lack of movement
2026-03-16 18:26:23,451 : envs.wrappers : INFO : Env truncated due to lack of movement
2026-03-16 18:26:48,790 : envs.wrappers : INFO : Env truncated due to lack of movement
2026-03-16 18:28:17,802 : envs.wrappers : INFO : Env truncated due to lack of movement
2026-03-16 18:28:40,223 : envs.wrappers : INFO : Env truncated due to lack of movement
2026-03-16 18:28:43,986 : envs.wrappers : INFO : Env truncated due to lack of movement
2026-03-16 18:29:12,864 : envs.wrappers : INFO : Env truncated due to lack of movement
2026-03-16 18:29:17,284 : envs.wrappers : INFO : Env truncated due to lack of movement
2026-03-16 18:30:06,523 : envs.wrappers : INFO : Env truncated due to lack of movement
2026-03-16 18:31:18,180 : envs.wrappers : INFO : Env truncated due to lack of movement
2026-03-16 18:31:18,773 : envs.wrappers : INFO : Env truncated due to lack of movement
2026-03-16 18:31:21,204 : envs.wrappers : INFO : Env truncated due to lack of movement
2026-03-16 18:31:35,152 : envs.wrappers : INFO : Env truncated due to lack of movement
2026-03-16 18:33:14,777 : envs.wrappers : INFO : Env truncated due to lack of movement
2026-03-16 18:33:27,970 : envs.wrappers : INFO : Env truncated due to lack of movement
2026-03-16 18:35:23,463 : envs.wrappers : INFO : Env truncated due to lack of movement
2026-03-16 18:37:53,565 : envs.wrappers : INFO : Env truncated due to lack of movement
2026-03-16 18:39:43,948 : envs.wrappers : INFO : Env truncated due to lack of movement
2026-03-16 18:45:14,527 : envs.wrappers : INFO : Env truncated due to lack of movement
2026-03-16 18:46:12,432 : envs.wrappers : INFO : Env truncated due to lack of movement
2026-03-16 18:46:19,934 : envs.wrappers : INFO : Env truncated due to lack of movement
2026-03-16 18:51:01,633 : envs.wrappers : INFO : Env truncated due to lack of movement
2026-03-16 18:51:44,858 : envs.wrappers : INFO : Env truncated due to lack of movement
2026-03-16 18:52:27,902 : envs.wrappers : INFO : Env truncated due to lack of movement
2026-03-16 18:53:44,182 : envs.wrappers : INFO : Env truncated due to lack of movement
2026-03-16 18:54:11,633 : envs.wrappers : INFO : Env truncated due to lack of movement
2026-03-16 18:54:13,363 : envs.wrappers : INFO : Env truncated due to lack of movement
2026-03-16 18:54:14,421 : envs.wrappers : INFO : Env truncated due to lack of movement
2026-03-16 18:54:21,529 : envs.wrappers : INFO : Env truncated due to lack of movement
2026-03-16 18:54:23,649 : envs.wrappers : INFO : Env truncated due to lack of movement
2026-03-16 18:54:30,321 : envs.wrappers : INFO : Env truncated due to lack of movement
2026-03-16 18:54:37,457 : envs.wrappers : INFO : Env truncated due to lack of movement
2026-03-16 18:54:57,748 : envs.wrappers : INFO : Env truncated due to lack of movement
2026-03-16 18:54:59,553 : envs.wrappers : INFO : Env truncated due to lack of movement
2026-03-16 18:55:05,685 : network.model : INFO : Saved model to logs/BipedalWalkerHardcore/PPO/v6/model.pt
2026-03-16 18:55:10,368 : evaluate.evaluate : INFO : Final state tensor([ 2.3215e+00,  1.1333e-01, -3.2537e-01, -8.8847e-02,  1.1068e+00,
         2.3842e-07, -6.2702e-01,  0.0000e+00,  0.0000e+00, -8.2716e-01,
         0.0000e+00,  5.0938e-01,  9.8598e-01,  0.0000e+00,  1.7887e-01,
         1.8090e-01,  1.8723e-01,  1.9864e-01,  2.1672e-01,  2.4446e-01,
         2.8774e-01,  3.5948e-01,  4.9361e-01,  4.8254e-01])
2026-03-16 18:55:10,369 : evaluate.evaluate : INFO : Evaluation results: mean = -129.07, std = 0.00, min = -129.07, max = -129.07, count = 1
2026-03-16 18:55:10,369 : evaluate.evaluate : INFO : Evaluation lengths: mean = 420.00, std = 0.00, min = 420.00, max = 420.00, count = 1
2026-03-16 18:55:10,370 : evaluate.evaluate : INFO : Covariance matrix:
[0.00961762 0.01280738 0.00659878 0.00884589]
2026-03-16 18:55:14,987 : envs.wrappers : INFO : Env truncated due to lack of movement
2026-03-16 18:55:26,444 : envs.wrappers : INFO : Env truncated due to lack of movement
2026-03-16 18:55:45,929 : envs.wrappers : INFO : Env truncated due to lack of movement
2026-03-16 18:56:10,591 : envs.wrappers : INFO : Env truncated due to lack of movement
2026-03-16 18:56:14,274 : envs.wrappers : INFO : Env truncated due to lack of movement
2026-03-16 18:56:52,837 : envs.wrappers : INFO : Env truncated due to lack of movement
2026-03-16 18:56:54,626 : envs.wrappers : INFO : Env truncated due to lack of movement
2026-03-16 18:57:05,750 : envs.wrappers : INFO : Env truncated due to lack of movement
2026-03-16 18:57:12,163 : envs.wrappers : INFO : Env truncated due to lack of movement
2026-03-16 18:57:13,722 : envs.wrappers : INFO : Env truncated due to lack of movement
2026-03-16 19:02:25,662 : envs.wrappers : INFO : Env truncated due to lack of movement
