2026-02-22 18:17:52,253 : worker.worker : INFO : Current device cuda
2026-02-22 18:17:52,421 : envs.wrappers : INFO : OutOfTrackPenaltyAndTerminationWrapper attached with penalty 1.0
2026-02-22 18:17:52,444 : envs.wrappers : INFO : OutOfTrackPenaltyAndTerminationWrapper attached with penalty 1.0
2026-02-22 18:17:52,447 : envs.wrappers : INFO : OutOfTrackPenaltyAndTerminationWrapper attached with penalty 1.0
2026-02-22 18:17:52,451 : envs.wrappers : INFO : OutOfTrackPenaltyAndTerminationWrapper attached with penalty 1.0
2026-02-22 18:17:52,455 : envs.wrappers : INFO : OutOfTrackPenaltyAndTerminationWrapper attached with penalty 1.0
2026-02-22 18:17:52,462 : envs.wrappers : INFO : OutOfTrackPenaltyAndTerminationWrapper attached with penalty 1.0
2026-02-22 18:17:52,466 : envs.wrappers : INFO : OutOfTrackPenaltyAndTerminationWrapper attached with penalty 1.0
2026-02-22 18:17:52,469 : envs.wrappers : INFO : OutOfTrackPenaltyAndTerminationWrapper attached with penalty 1.0
2026-02-22 18:17:52,475 : envs.wrappers : INFO : OutOfTrackPenaltyAndTerminationWrapper attached with penalty 1.0
2026-02-22 18:17:53,510 : worker.worker : INFO : ==================== Start training ====================
2026-02-22 18:17:53,924 : network.model : INFO : Saved model to logs/CarRacing/PPO/v2/model.pt
2026-02-22 18:18:15,084 : evaluate.evaluate : INFO : Evaluation results: mean = 11.11, std = 0.00, min = 11.11, max = 11.11, count = 1
2026-02-22 18:18:15,085 : evaluate.evaluate : INFO : Evaluation lengths: mean = 1000.00, std = 0.00, min = 1000.00, max = 1000.00, count = 1
2026-02-22 18:18:15,086 : evaluate.evaluate : INFO : Covariance matrix:
[0.18973666 0.18973666 0.18973666]
2026-02-22 18:58:13,044 : network.model : INFO : Saved model to logs/CarRacing/PPO/v2/model.pt
2026-02-22 18:58:35,428 : evaluate.evaluate : INFO : Evaluation results: mean = 381.88, std = 0.00, min = 381.88, max = 381.88, count = 1
2026-02-22 18:58:35,429 : evaluate.evaluate : INFO : Evaluation lengths: mean = 1000.00, std = 0.00, min = 1000.00, max = 1000.00, count = 1
2026-02-22 18:58:35,431 : evaluate.evaluate : INFO : Covariance matrix:
[0.17292762 0.17489012 0.17341408]
2026-02-22 19:39:07,257 : network.model : INFO : Saved model to logs/CarRacing/PPO/v2/model.pt
2026-02-22 19:39:28,936 : evaluate.evaluate : INFO : Evaluation results: mean = 354.55, std = 0.00, min = 354.55, max = 354.55, count = 1
2026-02-22 19:39:28,937 : evaluate.evaluate : INFO : Evaluation lengths: mean = 1000.00, std = 0.00, min = 1000.00, max = 1000.00, count = 1
2026-02-22 19:39:28,938 : evaluate.evaluate : INFO : Covariance matrix:
[0.16250119 0.16427527 0.15812607]
2026-02-22 20:19:46,255 : network.model : INFO : Saved model to logs/CarRacing/PPO/v2/model.pt
2026-02-22 20:20:07,819 : evaluate.evaluate : INFO : Evaluation results: mean = 205.19, std = 0.00, min = 205.19, max = 205.19, count = 1
2026-02-22 20:20:07,819 : evaluate.evaluate : INFO : Evaluation lengths: mean = 1000.00, std = 0.00, min = 1000.00, max = 1000.00, count = 1
2026-02-22 20:20:07,821 : evaluate.evaluate : INFO : Covariance matrix:
[0.15226892 0.15620162 0.15044023]
2026-02-22 21:00:48,681 : network.model : INFO : Saved model to logs/CarRacing/PPO/v2/model.pt
2026-02-22 21:01:00,503 : evaluate.evaluate : INFO : Evaluation results: mean = 944.90, std = 0.00, min = 944.90, max = 944.90, count = 1
2026-02-22 21:01:00,504 : evaluate.evaluate : INFO : Evaluation lengths: mean = 551.00, std = 0.00, min = 551.00, max = 551.00, count = 1
2026-02-22 21:01:00,505 : evaluate.evaluate : INFO : Covariance matrix:
[0.14501315 0.15131125 0.14362827]
2026-02-22 21:41:59,492 : network.model : INFO : Saved model to logs/CarRacing/PPO/v2/model.pt
2026-02-22 21:42:12,329 : evaluate.evaluate : INFO : Evaluation results: mean = 941.80, std = 0.00, min = 941.80, max = 941.80, count = 1
2026-02-22 21:42:12,329 : evaluate.evaluate : INFO : Evaluation lengths: mean = 582.00, std = 0.00, min = 582.00, max = 582.00, count = 1
2026-02-22 21:42:12,331 : evaluate.evaluate : INFO : Covariance matrix:
[0.13964461 0.14819437 0.13979822]
2026-02-22 22:23:26,664 : network.model : INFO : Saved model to logs/CarRacing/PPO/v2/model.pt
2026-02-22 22:23:49,103 : evaluate.evaluate : INFO : Evaluation results: mean = 288.54, std = 0.00, min = 288.54, max = 288.54, count = 1
2026-02-22 22:23:49,104 : evaluate.evaluate : INFO : Evaluation lengths: mean = 1000.00, std = 0.00, min = 1000.00, max = 1000.00, count = 1
2026-02-22 22:23:49,105 : evaluate.evaluate : INFO : Covariance matrix:
[0.13528104 0.14623643 0.13541028]
2026-02-22 23:05:20,108 : network.model : INFO : Saved model to logs/CarRacing/PPO/v2/model.pt
2026-02-22 23:05:34,399 : evaluate.evaluate : INFO : Evaluation results: mean = 935.40, std = 0.00, min = 935.40, max = 935.40, count = 1
2026-02-22 23:05:34,399 : evaluate.evaluate : INFO : Evaluation lengths: mean = 646.00, std = 0.00, min = 646.00, max = 646.00, count = 1
2026-02-22 23:05:34,401 : evaluate.evaluate : INFO : Covariance matrix:
[0.13169716 0.1421736  0.13103765]
2026-02-22 23:46:43,363 : network.model : INFO : Saved model to logs/CarRacing/PPO/v2/model.pt
2026-02-22 23:46:55,558 : evaluate.evaluate : INFO : Evaluation results: mean = 945.10, std = 0.00, min = 945.10, max = 945.10, count = 1
2026-02-22 23:46:55,559 : evaluate.evaluate : INFO : Evaluation lengths: mean = 549.00, std = 0.00, min = 549.00, max = 549.00, count = 1
2026-02-22 23:46:55,560 : evaluate.evaluate : INFO : Covariance matrix:
[0.12968007 0.13930856 0.12831746]
2026-02-23 00:27:55,536 : network.model : INFO : Saved model to logs/CarRacing/PPO/v2/model.pt
2026-02-23 00:28:07,394 : evaluate.evaluate : INFO : Evaluation results: mean = 943.80, std = 0.00, min = 943.80, max = 943.80, count = 1
2026-02-23 00:28:07,395 : evaluate.evaluate : INFO : Evaluation lengths: mean = 562.00, std = 0.00, min = 562.00, max = 562.00, count = 1
2026-02-23 00:28:07,397 : evaluate.evaluate : INFO : Covariance matrix:
[0.12793306 0.1380834  0.12667747]
2026-02-23 01:09:17,089 : network.model : INFO : Saved model to logs/CarRacing/PPO/v2/model.pt
2026-02-23 01:09:40,775 : evaluate.evaluate : INFO : Evaluation results: mean = 232.36, std = 0.00, min = 232.36, max = 232.36, count = 1
2026-02-23 01:09:40,776 : evaluate.evaluate : INFO : Evaluation lengths: mean = 1000.00, std = 0.00, min = 1000.00, max = 1000.00, count = 1
2026-02-23 01:09:40,777 : evaluate.evaluate : INFO : Covariance matrix:
[0.12710886 0.13784637 0.12623931]
2026-02-23 01:46:27,683 : evaluate.evaluate : INFO : Evaluation results: mean = 798.19, std = 240.92, min = -20.00, max = 950.40, count = 1000
2026-02-23 01:46:27,684 : evaluate.evaluate : INFO : Evaluation lengths: mean = 802.14, std = 197.19, min = 496.00, max = 1000.00, count = 1000
2026-02-23 01:46:27,684 : evaluate.evaluate : INFO : Covariance matrix:
[0.12710886 0.13784637 0.12623931]
2026-02-23 01:46:27,762 : worker.worker : INFO : ==================== End training ====================
