2026-02-20 18:44:00,994 : worker.worker : INFO : Current device cpu
2026-02-20 18:44:03,545 : worker.worker : INFO : ==================== Start training ====================
2026-02-20 18:44:03,649 : network.model : INFO : Saved model to logs/BipedalWalker/PPO/v5/model.pt
2026-02-20 18:44:06,458 : evaluate.evaluate : INFO : Final state tensor([-0.5214, -0.0028,  0.1297,  0.0049, -0.6361, -0.0877, -0.3882,  0.7333,
         0.0000, -0.7418, -0.5157, -0.4153,  0.2630,  0.0000,  0.1520,  0.1537,
         0.1591,  0.1688,  0.1841,  0.2077,  0.2445,  0.3054,  0.4194,  0.6974])
2026-02-20 18:44:06,460 : evaluate.evaluate : INFO : Evaluation results: mean = -94.01, std = 0.00, min = -94.01, max = -94.01, count = 1
2026-02-20 18:44:06,461 : evaluate.evaluate : INFO : Evaluation lengths: mean = 95.00, std = 0.00, min = 95.00, max = 95.00, count = 1
2026-02-20 18:44:06,464 : evaluate.evaluate : INFO : Covariance matrix:
[0.18973666 0.18973666 0.18973666 0.18973666]
2026-02-20 19:07:51,836 : network.model : INFO : Saved model to logs/BipedalWalker/PPO/v5/model.pt
2026-02-20 19:08:12,893 : evaluate.evaluate : INFO : Final state tensor([-1.5981e+00, -6.0837e-02,  2.1158e-01,  5.3512e-03, -7.4105e-01,
        -1.0000e+00,  9.3481e-01,  0.0000e+00,  0.0000e+00,  1.1243e+00,
        -2.9802e-08, -6.2401e-01,  3.9736e-08,  0.0000e+00,  2.1538e-01,
         2.1431e-01,  2.1813e-01,  2.2862e-01,  2.4747e-01,  2.7589e-01,
         3.1860e-01,  3.8848e-01,  5.3163e-01,  8.8405e-01])
2026-02-20 19:08:12,894 : evaluate.evaluate : INFO : Evaluation results: mean = 26.03, std = 0.00, min = 26.03, max = 26.03, count = 1
2026-02-20 19:08:12,894 : evaluate.evaluate : INFO : Evaluation lengths: mean = 1005.00, std = 0.00, min = 1005.00, max = 1005.00, count = 1
2026-02-20 19:08:12,895 : evaluate.evaluate : INFO : Covariance matrix:
[0.14577922 0.15887813 0.16051854 0.15439837]
2026-02-20 19:31:59,341 : network.model : INFO : Saved model to logs/BipedalWalker/PPO/v5/model.pt
2026-02-20 19:32:29,559 : evaluate.evaluate : INFO : Final state tensor([ 3.6063e-01, -8.7940e-02,  5.0690e-01,  2.7130e-02, -8.0988e-01,
         1.1921e-07,  1.7258e-01,  5.4627e-01,  1.0000e+00,  1.0978e+00,
         0.0000e+00,  3.6469e-01, -1.0000e+00,  0.0000e+00,  3.0036e-01,
         3.0565e-01,  3.1790e-01,  3.3720e-01,  3.6785e-01,  4.1544e-01,
         4.9424e-01,  6.3161e-01,  8.3746e-01,  1.0000e+00])
2026-02-20 19:32:29,560 : evaluate.evaluate : INFO : Evaluation results: mean = 302.72, std = 0.00, min = 302.72, max = 302.72, count = 1
2026-02-20 19:32:29,560 : evaluate.evaluate : INFO : Evaluation lengths: mean = 1164.00, std = 0.00, min = 1164.00, max = 1164.00, count = 1
2026-02-20 19:32:29,561 : evaluate.evaluate : INFO : Covariance matrix:
[0.13858908 0.1775209  0.19719285 0.142227  ]
2026-02-20 19:55:06,075 : network.model : INFO : Saved model to logs/BipedalWalker/PPO/v5/model.pt
2026-02-20 19:55:19,751 : evaluate.evaluate : INFO : Final state tensor([-0.9479, -0.0634,  0.4582,  0.0356, -0.8302, -0.2224,  0.9349,  0.0000,
         0.0000, -0.2264, -1.0838, -0.6230,  0.0000,  0.0000,  0.1941,  0.1993,
         0.2110,  0.2296,  0.2525,  0.2874,  0.3463,  0.4389,  0.6036,  0.9108])
2026-02-20 19:55:19,752 : evaluate.evaluate : INFO : Evaluation results: mean = 68.21, std = 0.00, min = 68.21, max = 68.21, count = 1
2026-02-20 19:55:19,752 : evaluate.evaluate : INFO : Evaluation lengths: mean = 527.00, std = 0.00, min = 527.00, max = 527.00, count = 1
2026-02-20 19:55:19,754 : evaluate.evaluate : INFO : Covariance matrix:
[0.11079808 0.17715707 0.1943437  0.11715554]
2026-02-20 20:18:52,828 : network.model : INFO : Saved model to logs/BipedalWalker/PPO/v5/model.pt
2026-02-20 20:19:13,211 : evaluate.evaluate : INFO : Final state tensor([ 0.1089, -0.0391,  0.8066, -0.0530, -0.4902, -0.9892,  0.0852,  1.0000,
         1.0000,  1.1301,  0.0000,  0.0912, -0.5202,  1.0000,  0.3153,  0.3183,
         0.3286,  0.3463,  0.3768,  0.4234,  0.4920,  0.6055,  0.8365,  1.0000])
2026-02-20 20:19:13,212 : evaluate.evaluate : INFO : Evaluation results: mean = 318.08, std = 0.00, min = 318.08, max = 318.08, count = 1
2026-02-20 20:19:13,212 : evaluate.evaluate : INFO : Evaluation lengths: mean = 836.00, std = 0.00, min = 836.00, max = 836.00, count = 1
2026-02-20 20:19:13,213 : evaluate.evaluate : INFO : Covariance matrix:
[0.08444569 0.1704787  0.17381923 0.09709253]
2026-02-20 20:42:32,813 : network.model : INFO : Saved model to logs/BipedalWalker/PPO/v5/model.pt
2026-02-20 20:42:53,764 : evaluate.evaluate : INFO : Final state tensor([ 2.8787e-02, -1.7537e-02,  6.9940e-01,  1.8456e-02,  3.6873e-01,
        -1.0030e+00, -5.1252e-01,  4.1606e-01,  1.0000e+00,  1.1309e+00,
         6.1065e-05,  3.1169e-01,  1.0006e+00,  0.0000e+00,  3.5252e-01,
         3.5652e-01,  3.6707e-01,  3.8613e-01,  4.2161e-01,  4.7214e-01,
         5.5102e-01,  6.7549e-01,  1.0000e+00,  1.0000e+00])
2026-02-20 20:42:53,766 : evaluate.evaluate : INFO : Evaluation results: mean = 322.80, std = 0.00, min = 322.80, max = 322.80, count = 1
2026-02-20 20:42:53,766 : evaluate.evaluate : INFO : Evaluation lengths: mean = 748.00, std = 0.00, min = 748.00, max = 748.00, count = 1
2026-02-20 20:42:53,768 : evaluate.evaluate : INFO : Covariance matrix:
[0.07088727 0.13937414 0.14185056 0.06768465]
2026-02-20 21:05:37,003 : network.model : INFO : Saved model to logs/BipedalWalker/PPO/v5/model.pt
2026-02-20 21:05:56,010 : evaluate.evaluate : INFO : Final state tensor([-0.1255,  0.0399,  0.7317, -0.0478, -0.0906, -0.5972, -0.5590,  0.0541,
         0.0000,  0.5916, -1.1568, -0.4635,  0.0028,  1.0000,  0.3719,  0.3709,
         0.3760,  0.3916,  0.4273,  0.4665,  0.5304,  0.6624,  1.0000,  1.0000])
2026-02-20 21:05:56,011 : evaluate.evaluate : INFO : Evaluation results: mean = 327.00, std = 0.00, min = 327.00, max = 327.00, count = 1
2026-02-20 21:05:56,012 : evaluate.evaluate : INFO : Evaluation lengths: mean = 704.00, std = 0.00, min = 704.00, max = 704.00, count = 1
2026-02-20 21:05:56,015 : evaluate.evaluate : INFO : Covariance matrix:
[0.05650197 0.11978093 0.10780123 0.05256934]
2026-02-20 21:27:30,547 : network.model : INFO : Saved model to logs/BipedalWalker/PPO/v5/model.pt
2026-02-20 21:27:48,474 : evaluate.evaluate : INFO : Final state tensor([ 0.1426, -0.0135,  0.7454,  0.0055,  0.4230,  0.2260, -0.5521, -0.0860,
         0.0000,  0.9366,  0.1650, -0.3539,  0.2941,  0.0000,  0.3587,  0.3599,
         0.3716,  0.3954,  0.4380,  0.4943,  0.6082,  0.7849,  1.0000,  1.0000])
2026-02-20 21:27:48,475 : evaluate.evaluate : INFO : Evaluation results: mean = 329.42, std = 0.00, min = 329.42, max = 329.42, count = 1
2026-02-20 21:27:48,475 : evaluate.evaluate : INFO : Evaluation lengths: mean = 686.00, std = 0.00, min = 686.00, max = 686.00, count = 1
2026-02-20 21:27:48,477 : evaluate.evaluate : INFO : Covariance matrix:
[0.0445568  0.10110284 0.08573232 0.03891534]
2026-02-20 21:51:22,186 : network.model : INFO : Saved model to logs/BipedalWalker/PPO/v5/model.pt
2026-02-20 21:51:39,521 : evaluate.evaluate : INFO : Final state tensor([ 0.0195, -0.0014,  0.8164, -0.0118,  0.1041,  1.0000, -0.5465, -1.0000,
         0.0000,  0.9344, -1.0000,  0.2017,  0.4585,  1.0000,  0.3613,  0.3646,
         0.3798,  0.4080,  0.4492,  0.5053,  0.5975,  0.7590,  1.0000,  1.0000])
2026-02-20 21:51:39,522 : evaluate.evaluate : INFO : Evaluation results: mean = 330.00, std = 0.00, min = 330.00, max = 330.00, count = 1
2026-02-20 21:51:39,522 : evaluate.evaluate : INFO : Evaluation lengths: mean = 676.00, std = 0.00, min = 676.00, max = 676.00, count = 1
2026-02-20 21:51:39,523 : evaluate.evaluate : INFO : Covariance matrix:
[0.037369   0.08092532 0.07037918 0.03073265]
2026-02-20 22:15:06,958 : network.model : INFO : Saved model to logs/BipedalWalker/PPO/v5/model.pt
2026-02-20 22:15:26,138 : evaluate.evaluate : INFO : Final state tensor([-0.0164, -0.0314,  0.9027,  0.0019,  0.2648, -1.1785, -0.2691,  0.5752,
         0.0000,  1.0507,  0.6734,  0.4452,  1.0000,  0.0000,  0.3887,  0.3931,
         0.4090,  0.4361,  0.4761,  0.5369,  0.6471,  0.8316,  1.0000,  1.0000])
2026-02-20 22:15:26,139 : evaluate.evaluate : INFO : Evaluation results: mean = 333.57, std = 0.00, min = 333.57, max = 333.57, count = 1
2026-02-20 22:15:26,139 : evaluate.evaluate : INFO : Evaluation lengths: mean = 650.00, std = 0.00, min = 650.00, max = 650.00, count = 1
2026-02-20 22:15:26,141 : evaluate.evaluate : INFO : Covariance matrix:
[0.03271563 0.07031281 0.06134529 0.02656969]
2026-02-20 22:39:17,049 : network.model : INFO : Saved model to logs/BipedalWalker/PPO/v5/model.pt
2026-02-20 22:39:34,951 : evaluate.evaluate : INFO : Final state tensor([-6.3290e-02,  5.7352e-04,  9.0916e-01, -2.3981e-02,  1.5533e-01,
         9.0320e-01, -6.1079e-01, -1.7492e+00,  0.0000e+00,  1.0809e+00,
        -5.2861e-01,  3.1126e-01, -1.0000e+00,  0.0000e+00,  3.9657e-01,
         4.0538e-01,  4.1997e-01,  4.4635e-01,  4.9020e-01,  5.5544e-01,
         6.4817e-01,  7.7341e-01,  1.0000e+00,  1.0000e+00])
2026-02-20 22:39:34,952 : evaluate.evaluate : INFO : Evaluation results: mean = 333.29, std = 0.00, min = 333.29, max = 333.29, count = 1
2026-02-20 22:39:34,952 : evaluate.evaluate : INFO : Evaluation lengths: mean = 641.00, std = 0.00, min = 641.00, max = 641.00, count = 1
2026-02-20 22:39:34,953 : evaluate.evaluate : INFO : Covariance matrix:
[0.03059658 0.06676173 0.0583399  0.02425283]
2026-02-20 22:49:01,432 : evaluate.evaluate : INFO : Final state tensor([ 0.0123, -0.0107,  0.8632, -0.0099,  0.4195, -0.0866, -0.3837, -0.1058,
         0.5000,  0.9811,  0.2917, -0.0769,  0.2086,  0.1250,  0.3819,  0.3869,
         0.4010,  0.4250,  0.4637,  0.5227,  0.6174,  0.7659,  0.9841,  1.0000])
2026-02-20 22:49:01,435 : evaluate.evaluate : INFO : Evaluation results: mean = 302.62, std = 79.53, min = -19.79, max = 334.87, count = 1000
2026-02-20 22:49:01,436 : evaluate.evaluate : INFO : Evaluation lengths: mean = 614.03, std = 79.41, min = 206.00, max = 690.00, count = 1000
2026-02-20 22:49:01,437 : evaluate.evaluate : INFO : Covariance matrix:
[0.03059658 0.06676173 0.0583399  0.02425283]
2026-02-20 22:49:01,576 : worker.worker : INFO : ==================== End training ====================
