2026-02-21 20:49:08,673 : worker.worker : INFO : Current device cuda
2026-02-21 20:49:09,981 : worker.worker : INFO : ==================== Start training ====================
2026-02-21 20:49:10,251 : network.model : INFO : Saved model to logs/BipedalWalker/PPO/v8/model.pt
2026-02-21 20:49:27,740 : evaluate.evaluate : INFO : Final state tensor([ 7.6425e-01, -8.0103e-03,  1.6410e-03,  3.7410e-03,  8.8692e-01,
        -2.6097e-01, -6.2638e-01,  0.0000e+00,  0.0000e+00, -7.7002e-01,
         5.4374e-02, -6.2478e-01, -6.5972e-04,  0.0000e+00,  2.7142e-01,
         2.7450e-01,  2.8411e-01,  3.0142e-01,  3.2886e-01,  3.7094e-01,
         4.3663e-01,  5.4548e-01,  7.4903e-01,  1.0000e+00])
2026-02-21 20:49:27,741 : evaluate.evaluate : INFO : Evaluation results: mean = -53.79, std = 0.00, min = -53.79, max = -53.79, count = 1
2026-02-21 20:49:27,741 : evaluate.evaluate : INFO : Evaluation lengths: mean = 1600.00, std = 0.00, min = 1600.00, max = 1600.00, count = 1
2026-02-21 20:49:27,742 : evaluate.evaluate : INFO : Covariance matrix:
[0.18973666 0.18973666 0.18973666 0.18973666]
2026-02-21 20:55:54,884 : envs.wrappers : INFO : Env truncated due to lack of movement
2026-02-21 21:14:00,330 : network.model : INFO : Saved model to logs/BipedalWalker/PPO/v8/model.pt
2026-02-21 21:14:15,277 : evaluate.evaluate : INFO : Final state tensor([ 3.9961e-01,  2.7754e-02,  4.7822e-01, -1.1611e-01,  8.8950e-01,
         7.0350e-01, -5.0332e-01,  9.0901e-01,  0.0000e+00, -2.5941e-02,
         1.0000e+00, -6.2630e-01,  1.5895e-07,  0.0000e+00,  3.3913e-01,
         3.4299e-01,  3.5357e-01,  3.7141e-01,  3.9781e-01,  4.3871e-01,
         4.9973e-01,  5.9237e-01,  7.9460e-01,  1.0000e+00])
2026-02-21 21:14:15,278 : evaluate.evaluate : INFO : Evaluation results: mean = 314.03, std = 0.00, min = 314.03, max = 314.03, count = 1
2026-02-21 21:14:15,278 : evaluate.evaluate : INFO : Evaluation lengths: mean = 1024.00, std = 0.00, min = 1024.00, max = 1024.00, count = 1
2026-02-21 21:14:15,279 : evaluate.evaluate : INFO : Covariance matrix:
[0.1984588  0.15170696 0.16512956 0.1514572 ]
2026-02-21 21:39:10,370 : network.model : INFO : Saved model to logs/BipedalWalker/PPO/v8/model.pt
2026-02-21 21:39:21,471 : evaluate.evaluate : INFO : Final state tensor([ 3.3006e-02, -1.5599e-02,  6.9043e-01,  8.3548e-02,  1.1302e+00,
         3.1292e-07, -4.9645e-01,  1.0000e+00,  0.0000e+00, -6.2603e-02,
        -1.2045e+00, -7.9620e-02,  9.2083e-01,  1.0000e+00,  3.8344e-01,
         3.8773e-01,  4.0389e-01,  4.3266e-01,  4.7865e-01,  5.4935e-01,
         6.4550e-01,  8.1104e-01,  1.0000e+00,  1.0000e+00])
2026-02-21 21:39:21,472 : evaluate.evaluate : INFO : Evaluation results: mean = 322.21, std = 0.00, min = 322.21, max = 322.21, count = 1
2026-02-21 21:39:21,472 : evaluate.evaluate : INFO : Evaluation lengths: mean = 767.00, std = 0.00, min = 767.00, max = 767.00, count = 1
2026-02-21 21:39:21,473 : evaluate.evaluate : INFO : Covariance matrix:
[0.20788944 0.15678239 0.16129658 0.16975103]
2026-02-21 22:04:05,328 : network.model : INFO : Saved model to logs/BipedalWalker/PPO/v8/model.pt
2026-02-21 22:04:15,879 : evaluate.evaluate : INFO : Final state tensor([-4.7834e-02,  5.9573e-03,  7.4083e-01,  3.1220e-03,  1.1268e+00,
         9.4047e-04, -2.0165e-01, -9.4393e-01,  1.0000e+00, -1.4084e-01,
         9.9974e-01, -2.8202e-01, -1.7053e+00,  0.0000e+00,  3.7432e-01,
         3.7927e-01,  3.9276e-01,  4.1661e-01,  4.5475e-01,  5.1967e-01,
         6.1373e-01,  7.6712e-01,  1.0000e+00,  1.0000e+00])
2026-02-21 22:04:15,880 : evaluate.evaluate : INFO : Evaluation results: mean = 322.96, std = 0.00, min = 322.96, max = 322.96, count = 1
2026-02-21 22:04:15,880 : evaluate.evaluate : INFO : Evaluation lengths: mean = 735.00, std = 0.00, min = 735.00, max = 735.00, count = 1
2026-02-21 22:04:15,881 : evaluate.evaluate : INFO : Covariance matrix:
[0.18005663 0.12038495 0.13638376 0.15184213]
2026-02-21 22:29:21,706 : network.model : INFO : Saved model to logs/BipedalWalker/PPO/v8/model.pt
2026-02-21 22:29:32,536 : evaluate.evaluate : INFO : Final state tensor([-0.0365, -0.0324,  0.7601, -0.0313,  1.0367, -0.6212, -0.1624, -0.4714,
         1.0000, -0.0476,  1.0000, -0.2033, -1.0000,  0.0000,  0.3957,  0.3960,
         0.4041,  0.4223,  0.4607,  0.5183,  0.6040,  0.7433,  1.0000,  1.0000])
2026-02-21 22:29:32,536 : evaluate.evaluate : INFO : Evaluation results: mean = 322.15, std = 0.00, min = 322.15, max = 322.15, count = 1
2026-02-21 22:29:32,536 : evaluate.evaluate : INFO : Evaluation lengths: mean = 721.00, std = 0.00, min = 721.00, max = 721.00, count = 1
2026-02-21 22:29:32,538 : evaluate.evaluate : INFO : Covariance matrix:
[0.16029038 0.10408767 0.09774129 0.13610283]
2026-02-21 22:54:21,191 : network.model : INFO : Saved model to logs/BipedalWalker/PPO/v8/model.pt
2026-02-21 22:54:22,624 : evaluate.evaluate : INFO : Final state tensor([-0.6717,  0.0521,  0.2642, -0.0751, -0.8890, -0.7015,  0.9039,  0.0000,
         0.0000, -0.8846, -0.7015,  0.9367,  0.5049,  0.0000,  0.1756,  0.1771,
         0.1828,  0.1934,  0.2110,  0.2380,  0.2776,  0.3362,  0.4351,  0.6368])
2026-02-21 22:54:22,624 : evaluate.evaluate : INFO : Evaluation results: mean = -78.24, std = 0.00, min = -78.24, max = -78.24, count = 1
2026-02-21 22:54:22,625 : evaluate.evaluate : INFO : Evaluation lengths: mean = 115.00, std = 0.00, min = 115.00, max = 115.00, count = 1
2026-02-21 22:54:22,626 : evaluate.evaluate : INFO : Covariance matrix:
[0.1295287  0.08317607 0.06978807 0.11472397]
2026-02-21 23:19:14,531 : network.model : INFO : Saved model to logs/BipedalWalker/PPO/v8/model.pt
2026-02-21 23:19:24,882 : evaluate.evaluate : INFO : Final state tensor([-5.9603e-02,  1.2463e-02,  8.8998e-01,  5.1043e-02,  1.1065e+00,
         2.2352e-08, -1.8268e-01,  4.6077e-01,  0.0000e+00,  1.0707e-01,
        -4.1029e-01, -7.2215e-02, -1.0000e+00,  1.0000e+00,  4.0835e-01,
         4.0270e-01,  4.0627e-01,  4.2087e-01,  4.4956e-01,  4.9995e-01,
         5.8962e-01,  7.4983e-01,  1.0000e+00,  1.0000e+00])
2026-02-21 23:19:24,883 : evaluate.evaluate : INFO : Evaluation results: mean = 327.85, std = 0.00, min = 327.85, max = 327.85, count = 1
2026-02-21 23:19:24,883 : evaluate.evaluate : INFO : Evaluation lengths: mean = 653.00, std = 0.00, min = 653.00, max = 653.00, count = 1
2026-02-21 23:19:24,884 : evaluate.evaluate : INFO : Covariance matrix:
[0.11210922 0.06222523 0.04849903 0.10106493]
2026-02-21 23:44:16,305 : network.model : INFO : Saved model to logs/BipedalWalker/PPO/v8/model.pt
2026-02-21 23:44:26,583 : evaluate.evaluate : INFO : Final state tensor([ 0.0087, -0.0159,  0.8424,  0.0235,  0.8619,  1.0000, -0.4807,  0.5261,
         0.0000,  0.2381, -1.0995, -0.1940,  0.4181,  1.0000,  0.4023,  0.4026,
         0.4143,  0.4413,  0.4899,  0.5641,  0.6813,  0.8630,  1.0000,  1.0000])
2026-02-21 23:44:26,584 : evaluate.evaluate : INFO : Evaluation results: mean = 327.15, std = 0.00, min = 327.15, max = 327.15, count = 1
2026-02-21 23:44:26,584 : evaluate.evaluate : INFO : Evaluation lengths: mean = 663.00, std = 0.00, min = 663.00, max = 663.00, count = 1
2026-02-21 23:44:26,585 : evaluate.evaluate : INFO : Covariance matrix:
[0.09619194 0.04671912 0.03979938 0.08474755]
2026-02-22 00:09:05,612 : network.model : INFO : Saved model to logs/BipedalWalker/PPO/v8/model.pt
2026-02-22 00:09:15,797 : evaluate.evaluate : INFO : Final state tensor([-5.1951e-02, -5.7890e-04,  8.2736e-01, -1.8815e-02,  8.7560e-01,
        -1.5956e-01, -1.1267e-01, -8.2241e-01,  0.0000e+00,  1.0752e-01,
         1.0000e+00, -4.3731e-01, -1.0000e+00,  0.0000e+00,  4.0841e-01,
         4.1428e-01,  4.3180e-01,  4.6042e-01,  5.0150e-01,  5.6154e-01,
         6.6480e-01,  8.3028e-01,  1.0000e+00,  1.0000e+00])
2026-02-22 00:09:15,797 : evaluate.evaluate : INFO : Evaluation results: mean = 327.91, std = 0.00, min = 327.91, max = 327.91, count = 1
2026-02-22 00:09:15,798 : evaluate.evaluate : INFO : Evaluation lengths: mean = 653.00, std = 0.00, min = 653.00, max = 653.00, count = 1
2026-02-22 00:09:15,798 : evaluate.evaluate : INFO : Covariance matrix:
[0.08801838 0.03868354 0.03352938 0.07132418]
2026-02-22 00:33:46,657 : network.model : INFO : Saved model to logs/BipedalWalker/PPO/v8/model.pt
2026-02-22 00:33:56,290 : evaluate.evaluate : INFO : Final state tensor([-0.0589, -0.0219,  0.8857, -0.0295,  0.9946, -0.3154,  0.0848,  1.3827,
         0.0000, -0.0862, -0.0197, -0.1385, -1.0000,  0.0000,  0.4035,  0.4092,
         0.4269,  0.4532,  0.4900,  0.5461,  0.6391,  0.8051,  1.0000,  1.0000])
2026-02-22 00:33:56,290 : evaluate.evaluate : INFO : Evaluation results: mean = 328.54, std = 0.00, min = 328.54, max = 328.54, count = 1
2026-02-22 00:33:56,291 : evaluate.evaluate : INFO : Evaluation lengths: mean = 644.00, std = 0.00, min = 644.00, max = 644.00, count = 1
2026-02-22 00:33:56,291 : evaluate.evaluate : INFO : Covariance matrix:
[0.08261863 0.0328447  0.02946424 0.0647347 ]
2026-02-22 00:58:52,728 : network.model : INFO : Saved model to logs/BipedalWalker/PPO/v8/model.pt
2026-02-22 00:59:02,196 : evaluate.evaluate : INFO : Final state tensor([ 0.0202, -0.0014,  0.8527,  0.0171,  0.9975, -0.8292, -0.2841,  0.6087,
         0.0000, -0.0762,  0.3928, -0.2532, -1.0000,  0.0000,  0.4042,  0.4087,
         0.4205,  0.4432,  0.4814,  0.5405,  0.6405,  0.7990,  1.0000,  1.0000])
2026-02-22 00:59:02,196 : evaluate.evaluate : INFO : Evaluation results: mean = 329.31, std = 0.00, min = 329.31, max = 329.31, count = 1
2026-02-22 00:59:02,196 : evaluate.evaluate : INFO : Evaluation lengths: mean = 640.00, std = 0.00, min = 640.00, max = 640.00, count = 1
2026-02-22 00:59:02,197 : evaluate.evaluate : INFO : Covariance matrix:
[0.08293381 0.03018765 0.02747843 0.06228105]
2026-02-22 01:03:05,402 : evaluate.evaluate : INFO : Final state tensor([ 0.1508,  0.0138,  0.6488,  0.0194,  0.8712, -0.0822, -0.4192, -0.1157,
         0.2500,  0.2180,  0.1181, -0.3704, -0.1794,  0.3750,  0.3722,  0.3746,
         0.3864,  0.4081,  0.4427,  0.4991,  0.5880,  0.7501,  0.9428,  0.9872])
2026-02-22 01:03:05,402 : evaluate.evaluate : INFO : Evaluation results: mean = 296.33, std = 104.72, min = -123.47, max = 331.59, count = 1000
2026-02-22 01:03:05,402 : evaluate.evaluate : INFO : Evaluation lengths: mean = 610.88, std = 128.34, min = 54.00, max = 741.00, count = 1000
2026-02-22 01:03:05,403 : evaluate.evaluate : INFO : Covariance matrix:
[0.08293381 0.03018765 0.02747843 0.06228105]
2026-02-22 01:03:05,467 : worker.worker : INFO : ==================== End training ====================
