2026-03-14 21:09:39,637 : worker.worker : INFO : Current device cuda
2026-03-14 21:09:41,435 : worker.worker : INFO : ==================== Start training ====================
2026-03-14 21:09:41,821 : network.model : INFO : Saved model to logs/BipedalWalkerHardcore/PPO/v3/model.pt
2026-03-14 21:09:43,842 : evaluate.evaluate : INFO : Final state tensor([ 0.8371,  0.0408, -0.1107,  0.0386,  1.1401,  0.2274, -0.5146,  0.3491,
         1.0000,  0.9126, -0.1256,  0.0197,  1.0000,  0.0000,  0.1754,  0.1774,
         0.1836,  0.1948,  0.2126,  0.2398,  0.2822,  0.3526,  0.4842,  0.8011])
2026-03-14 21:09:43,843 : evaluate.evaluate : INFO : Evaluation results: mean = -112.17, std = 0.00, min = -112.17, max = -112.17, count = 1
2026-03-14 21:09:43,843 : evaluate.evaluate : INFO : Evaluation lengths: mean = 126.00, std = 0.00, min = 126.00, max = 126.00, count = 1
2026-03-14 21:09:43,844 : evaluate.evaluate : INFO : Covariance matrix:
[0.006 0.006 0.006 0.006]
2026-03-14 22:23:28,299 : network.model : INFO : Saved model to logs/BipedalWalkerHardcore/PPO/v3/model.pt
2026-03-14 22:23:47,240 : evaluate.evaluate : INFO : Final state tensor([ 1.1814e-01,  7.3749e-08, -2.7684e-07, -2.1101e-07, -8.3351e-01,
        -2.1350e-07,  1.9701e-01, -1.6477e-07,  1.0000e+00,  1.1146e+00,
         2.4582e-09,  9.2482e-01, -1.7864e-07,  1.0000e+00,  2.2632e-01,
         2.2889e-01,  2.3690e-01,  2.5134e-01,  2.7421e-01,  3.0931e-01,
         3.6408e-01,  4.3071e-01,  5.1684e-01,  6.3385e-01])
2026-03-14 22:23:47,241 : evaluate.evaluate : INFO : Evaluation results: mean = 7.87, std = 0.00, min = 7.87, max = 7.87, count = 1
2026-03-14 22:23:47,241 : evaluate.evaluate : INFO : Evaluation lengths: mean = 1600.00, std = 0.00, min = 1600.00, max = 1600.00, count = 1
2026-03-14 22:23:47,243 : evaluate.evaluate : INFO : Covariance matrix:
[0.00026845 0.00038675 0.00024805 0.0002743 ]
2026-03-14 23:39:33,420 : network.model : INFO : Saved model to logs/BipedalWalkerHardcore/PPO/v3/model.pt
2026-03-14 23:39:52,148 : evaluate.evaluate : INFO : Final state tensor([-3.8504e-02, -5.4767e-06,  2.3885e-05, -6.9428e-06, -8.3491e-01,
         4.2996e-07,  2.1058e-01, -4.4187e-02,  0.0000e+00,  1.1349e+00,
        -3.4899e-08,  9.3491e-01,  5.3459e-06,  1.0000e+00,  2.0170e-01,
         2.0399e-01,  2.1113e-01,  2.2400e-01,  2.4439e-01,  2.7567e-01,
         3.2449e-01,  5.8123e-01,  1.0000e+00,  1.0000e+00])
2026-03-14 23:39:52,149 : evaluate.evaluate : INFO : Evaluation results: mean = 14.42, std = 0.00, min = 14.42, max = 14.42, count = 1
2026-03-14 23:39:52,149 : evaluate.evaluate : INFO : Evaluation lengths: mean = 1600.00, std = 0.00, min = 1600.00, max = 1600.00, count = 1
2026-03-14 23:39:52,150 : evaluate.evaluate : INFO : Covariance matrix:
[0.00016414 0.00025584 0.00015824 0.00018201]
2026-03-15 00:53:51,663 : network.model : INFO : Saved model to logs/BipedalWalkerHardcore/PPO/v3/model.pt
2026-03-15 00:54:09,860 : evaluate.evaluate : INFO : Final state tensor([ 1.4830e-01, -5.1186e-07,  1.9903e-06,  1.4574e-06, -8.3411e-01,
         1.5127e-06,  1.6491e-01,  1.1252e-06,  1.0000e+00,  1.1326e+00,
        -1.9436e-08,  9.3141e-01,  8.7382e-07,  0.0000e+00,  2.2980e-01,
         2.3241e-01,  2.4054e-01,  2.5520e-01,  2.7843e-01,  3.1406e-01,
         3.5350e-01,  4.0447e-01,  4.8535e-01,  6.2419e-01])
2026-03-15 00:54:09,860 : evaluate.evaluate : INFO : Evaluation results: mean = 10.44, std = 0.00, min = 10.44, max = 10.44, count = 1
2026-03-15 00:54:09,861 : evaluate.evaluate : INFO : Evaluation lengths: mean = 1600.00, std = 0.00, min = 1600.00, max = 1600.00, count = 1
2026-03-15 00:54:09,862 : evaluate.evaluate : INFO : Covariance matrix:
[0.00015116 0.00024209 0.00014397 0.00017324]
2026-03-15 02:01:50,708 : network.model : INFO : Saved model to logs/BipedalWalkerHardcore/PPO/v3/model.pt
2026-03-15 02:02:07,756 : evaluate.evaluate : INFO : Final state tensor([ 0.0765,  0.0000,  0.0000,  0.0000, -0.8267,  0.0000,  0.1338,  0.0000,
         1.0000,  1.1336,  0.0000,  0.9044,  0.0000,  1.0000,  0.2206,  0.2231,
         0.2309,  0.2450,  0.2673,  0.3015,  0.3549,  0.4433,  0.8502,  1.0000])
2026-03-15 02:02:07,756 : evaluate.evaluate : INFO : Evaluation results: mean = 9.80, std = 0.00, min = 9.80, max = 9.80, count = 1
2026-03-15 02:02:07,757 : evaluate.evaluate : INFO : Evaluation lengths: mean = 1600.00, std = 0.00, min = 1600.00, max = 1600.00, count = 1
2026-03-15 02:02:07,757 : evaluate.evaluate : INFO : Covariance matrix:
[8.8384615e-05 1.5500160e-04 9.7218952e-05 9.7357610e-05]
2026-03-15 03:07:54,163 : network.model : INFO : Saved model to logs/BipedalWalkerHardcore/PPO/v3/model.pt
2026-03-15 03:08:11,692 : evaluate.evaluate : INFO : Final state tensor([ 8.1695e-02, -3.1704e-08,  5.7121e-07,  4.4203e-07, -8.2504e-01,
         6.2661e-06,  1.8908e-01, -3.7520e-06,  1.0000e+00,  1.1162e+00,
        -2.5289e-07,  9.2104e-01, -2.4029e-07,  0.0000e+00,  2.2174e-01,
         2.2426e-01,  2.3210e-01,  2.4625e-01,  2.6866e-01,  3.0305e-01,
         3.5671e-01,  4.4564e-01,  6.1193e-01,  1.0000e+00])
2026-03-15 03:08:11,692 : evaluate.evaluate : INFO : Evaluation results: mean = 6.18, std = 0.00, min = 6.18, max = 6.18, count = 1
2026-03-15 03:08:11,692 : evaluate.evaluate : INFO : Evaluation lengths: mean = 1600.00, std = 0.00, min = 1600.00, max = 1600.00, count = 1
2026-03-15 03:08:11,693 : evaluate.evaluate : INFO : Covariance matrix:
[6.737947e-05 6.737947e-05 6.737947e-05 6.737947e-05]
2026-03-15 04:14:45,039 : network.model : INFO : Saved model to logs/BipedalWalkerHardcore/PPO/v3/model.pt
2026-03-15 04:14:46,363 : evaluate.evaluate : INFO : Final state tensor([-0.4661,  0.0318,  0.1572, -0.0578, -0.7741, -0.5914,  0.6272, -0.2041,
         0.0000, -0.8205, -0.9431,  0.6825,  0.5189,  0.0000,  0.1430,  0.1446,
         0.1496,  0.1588,  0.1732,  0.1954,  0.2300,  0.2873,  0.3945,  0.7493])
2026-03-15 04:14:46,363 : evaluate.evaluate : INFO : Evaluation results: mean = -92.01, std = 0.00, min = -92.01, max = -92.01, count = 1
2026-03-15 04:14:46,363 : evaluate.evaluate : INFO : Evaluation lengths: mean = 126.00, std = 0.00, min = 126.00, max = 126.00, count = 1
2026-03-15 04:14:46,364 : evaluate.evaluate : INFO : Covariance matrix:
[6.737947e-05 6.737947e-05 6.737947e-05 6.737947e-05]
2026-03-15 05:24:50,218 : network.model : INFO : Saved model to logs/BipedalWalkerHardcore/PPO/v3/model.pt
2026-03-15 05:24:51,938 : evaluate.evaluate : INFO : Final state tensor([-0.5309,  0.0236,  0.1637, -0.0407, -0.6846, -0.9409,  0.5851,  0.8178,
         0.0000, -0.6842, -0.7510, -0.6110, -0.1336,  0.0000,  0.1534,  0.1551,
         0.1606,  0.1704,  0.1859,  0.2096,  0.2468,  0.3083,  0.4233,  0.7129])
2026-03-15 05:24:51,938 : evaluate.evaluate : INFO : Evaluation results: mean = -91.48, std = 0.00, min = -91.48, max = -91.48, count = 1
2026-03-15 05:24:51,938 : evaluate.evaluate : INFO : Evaluation lengths: mean = 146.00, std = 0.00, min = 146.00, max = 146.00, count = 1
2026-03-15 05:24:51,939 : evaluate.evaluate : INFO : Covariance matrix:
[6.737947e-05 6.737947e-05 6.737947e-05 6.737947e-05]
2026-03-15 06:38:50,424 : network.model : INFO : Saved model to logs/BipedalWalkerHardcore/PPO/v3/model.pt
2026-03-15 06:38:51,847 : evaluate.evaluate : INFO : Final state tensor([-6.4550e-01, -2.8086e-02,  1.2430e-01,  4.3094e-02, -6.4461e-01,
        -2.1601e-01,  9.3367e-01,  0.0000e+00,  0.0000e+00, -4.6950e-01,
        -3.5067e-01, -5.9882e-01, -3.9736e-08,  0.0000e+00,  1.7056e-01,
         1.7250e-01,  1.7854e-01,  1.8942e-01,  2.0666e-01,  2.3311e-01,
         2.7439e-01,  3.4279e-01,  3.6569e-01,  3.7927e-01])
2026-03-15 06:38:51,847 : evaluate.evaluate : INFO : Evaluation results: mean = -91.70, std = 0.00, min = -91.70, max = -91.70, count = 1
2026-03-15 06:38:51,847 : evaluate.evaluate : INFO : Evaluation lengths: mean = 119.00, std = 0.00, min = 119.00, max = 119.00, count = 1
2026-03-15 06:38:51,848 : evaluate.evaluate : INFO : Covariance matrix:
[6.737947e-05 6.737947e-05 6.737947e-05 6.737947e-05]
2026-03-15 07:51:17,271 : network.model : INFO : Saved model to logs/BipedalWalkerHardcore/PPO/v3/model.pt
2026-03-15 07:51:18,774 : evaluate.evaluate : INFO : Final state tensor([-0.4954,  0.0321,  0.1576, -0.0567, -0.7543, -0.7530,  0.5763,  0.1700,
         0.0000, -0.7790, -0.8079, -0.6190, -0.1953,  0.0000,  0.1478,  0.1495,
         0.1547,  0.1641,  0.1791,  0.2020,  0.2378,  0.2970,  0.4079,  0.5442])
2026-03-15 07:51:18,774 : evaluate.evaluate : INFO : Evaluation results: mean = -90.83, std = 0.00, min = -90.83, max = -90.83, count = 1
2026-03-15 07:51:18,775 : evaluate.evaluate : INFO : Evaluation lengths: mean = 136.00, std = 0.00, min = 136.00, max = 136.00, count = 1
2026-03-15 07:51:18,775 : evaluate.evaluate : INFO : Covariance matrix:
[6.737947e-05 6.737947e-05 6.737947e-05 6.737947e-05]
