2026-02-18 21:47:36,843 : worker.worker : INFO : Current device cpu
2026-02-18 21:47:40,986 : worker.worker : INFO : ==================== Start training ====================
2026-02-18 21:47:41,133 : network.model : INFO : Saved model to logs/BipedalWalker/PPO/v2/model.pt
2026-02-18 21:47:44,244 : evaluate.evaluate : INFO : Final state tensor([-2.7202, -0.1923,  0.2178, -0.3763,  1.1212,  0.3032,  0.9272,  0.0000,
         0.0000,  1.0447,  0.9777, -0.0297,  0.3988,  0.0000,  0.0960,  0.0971,
         0.1005,  0.1066,  0.1163,  0.1312,  0.1544,  0.1929,  0.2649,  0.4383])
2026-02-18 21:47:44,246 : evaluate.evaluate : INFO : Evaluation results: mean = -109.36, std = 0.00, min = -109.36, max = -109.36, count = 1
2026-02-18 21:47:44,247 : evaluate.evaluate : INFO : Evaluation lengths: mean = 67.00, std = 0.00, min = 67.00, max = 67.00, count = 1
2026-02-18 21:47:44,249 : evaluate.evaluate : INFO : Covariance matrix:
[0.18973666 0.18973666 0.18973666 0.18973666]
2026-02-18 22:34:02,876 : network.model : INFO : Saved model to logs/BipedalWalker/PPO/v2/model.pt
2026-02-18 22:35:40,566 : evaluate.evaluate : INFO : Final state tensor([ 2.9320e-01,  3.2883e-02,  3.0259e-01,  5.9072e-02, -2.0214e-01,
        -8.4660e-01, -4.5932e-01,  5.0804e-01,  1.0000e+00,  1.1349e+00,
         0.0000e+00, -5.9819e-01,  5.9605e-08,  0.0000e+00,  3.3113e-01,
         3.4208e-01,  3.5877e-01,  3.8064e-01,  4.2090e-01,  4.7598e-01,
         5.4906e-01,  6.5615e-01,  1.0000e+00,  1.0000e+00])
2026-02-18 22:35:40,569 : evaluate.evaluate : INFO : Evaluation results: mean = 307.03, std = 0.00, min = 307.03, max = 307.03, count = 1
2026-02-18 22:35:40,570 : evaluate.evaluate : INFO : Evaluation lengths: mean = 1425.00, std = 0.00, min = 1425.00, max = 1425.00, count = 1
2026-02-18 22:35:40,588 : evaluate.evaluate : INFO : Covariance matrix:
[0.15315574 0.16894867 0.16504662 0.16439272]
2026-02-18 23:24:57,002 : network.model : INFO : Saved model to logs/BipedalWalker/PPO/v2/model.pt
2026-02-18 23:25:36,764 : evaluate.evaluate : INFO : Final state tensor([ 0.1308,  0.0415,  0.5087,  0.1011, -0.3008,  1.0001, -0.1080, -1.0000,
         0.0000,  0.7622, -1.0174, -0.6293,  0.0539,  1.0000,  0.3556,  0.3582,
         0.3698,  0.3924,  0.4243,  0.4731,  0.5610,  0.7379,  1.0000,  1.0000])
2026-02-18 23:25:36,768 : evaluate.evaluate : INFO : Evaluation results: mean = 318.77, std = 0.00, min = 318.77, max = 318.77, count = 1
2026-02-18 23:25:36,769 : evaluate.evaluate : INFO : Evaluation lengths: mean = 1001.00, std = 0.00, min = 1001.00, max = 1001.00, count = 1
2026-02-18 23:25:36,772 : evaluate.evaluate : INFO : Covariance matrix:
[0.11456726 0.14264575 0.16966395 0.14031292]
2026-02-19 00:13:07,491 : network.model : INFO : Saved model to logs/BipedalWalker/PPO/v2/model.pt
2026-02-19 00:13:39,370 : evaluate.evaluate : INFO : Final state tensor([-4.1796e-03, -2.6077e-02,  5.6453e-01, -1.1883e-02,  3.9723e-01,
         1.4338e-01, -4.2795e-01, -8.0469e-01,  1.0000e+00,  8.7787e-01,
         8.7115e-01, -6.2638e-01, -1.1921e-07,  0.0000e+00,  3.8468e-01,
         3.8837e-01,  3.9825e-01,  4.1514e-01,  4.3981e-01,  4.9374e-01,
         5.5852e-01,  6.5706e-01,  1.0000e+00,  1.0000e+00])
2026-02-19 00:13:39,372 : evaluate.evaluate : INFO : Evaluation results: mean = 324.87, std = 0.00, min = 324.87, max = 324.87, count = 1
2026-02-19 00:13:39,373 : evaluate.evaluate : INFO : Evaluation lengths: mean = 809.00, std = 0.00, min = 809.00, max = 809.00, count = 1
2026-02-19 00:13:39,376 : evaluate.evaluate : INFO : Covariance matrix:
[0.08990947 0.11464989 0.15552187 0.09775598]
2026-02-19 01:01:43,320 : network.model : INFO : Saved model to logs/BipedalWalker/PPO/v2/model.pt
2026-02-19 01:02:10,748 : evaluate.evaluate : INFO : Final state tensor([ 0.0399, -0.0181,  0.7980,  0.0195, -0.0901,  0.5769, -0.1060, -1.0000,
         0.0000,  1.1242, -0.0337,  0.2227, -0.7355,  0.0000,  0.3808,  0.3848,
         0.4002,  0.4288,  0.4734,  0.5377,  0.6621,  0.8303,  1.0000,  1.0000])
2026-02-19 01:02:10,750 : evaluate.evaluate : INFO : Evaluation results: mean = 325.12, std = 0.00, min = 325.12, max = 325.12, count = 1
2026-02-19 01:02:10,752 : evaluate.evaluate : INFO : Evaluation lengths: mean = 676.00, std = 0.00, min = 676.00, max = 676.00, count = 1
2026-02-19 01:02:10,754 : evaluate.evaluate : INFO : Covariance matrix:
[0.07128888 0.09448044 0.13632755 0.06518577]
2026-02-19 01:51:12,547 : network.model : INFO : Saved model to logs/BipedalWalker/PPO/v2/model.pt
2026-02-19 01:51:38,868 : evaluate.evaluate : INFO : Final state tensor([ 0.0220, -0.0215,  0.8313, -0.0679,  0.7393,  0.9118, -0.2869,  1.0000,
         0.0000,  0.7265,  0.7443, -0.3769, -0.1582,  0.0000,  0.3982,  0.4071,
         0.4244,  0.4518,  0.4935,  0.5634,  0.6859,  0.8852,  1.0000,  1.0000])
2026-02-19 01:51:38,873 : evaluate.evaluate : INFO : Evaluation results: mean = 332.21, std = 0.00, min = 332.21, max = 332.21, count = 1
2026-02-19 01:51:38,873 : evaluate.evaluate : INFO : Evaluation lengths: mean = 647.00, std = 0.00, min = 647.00, max = 647.00, count = 1
2026-02-19 01:51:38,882 : evaluate.evaluate : INFO : Covariance matrix:
[0.04873154 0.07648937 0.10363892 0.0466475 ]
2026-02-19 02:36:39,857 : network.model : INFO : Saved model to logs/BipedalWalker/PPO/v2/model.pt
2026-02-19 02:36:58,166 : evaluate.evaluate : INFO : Final state tensor([-0.0151,  0.0037,  0.9055, -0.0422,  0.2110,  1.0000, -0.6273, -1.0000,
         0.0000,  0.8206, -1.0000,  0.1039, -1.0000,  0.0000,  0.3988,  0.4068,
         0.4223,  0.4497,  0.4959,  0.5602,  0.6451,  0.7819,  1.0000,  1.0000])
2026-02-19 02:36:58,166 : evaluate.evaluate : INFO : Evaluation results: mean = 333.63, std = 0.00, min = 333.63, max = 333.63, count = 1
2026-02-19 02:36:58,167 : evaluate.evaluate : INFO : Evaluation lengths: mean = 619.00, std = 0.00, min = 619.00, max = 619.00, count = 1
2026-02-19 02:36:58,168 : evaluate.evaluate : INFO : Covariance matrix:
[0.03535854 0.0606808  0.07992824 0.0335474 ]
2026-02-19 03:04:12,903 : network.model : INFO : Saved model to logs/BipedalWalker/PPO/v2/model.pt
2026-02-19 03:04:32,629 : evaluate.evaluate : INFO : Final state tensor([-0.0127, -0.0212,  0.8804, -0.0195,  0.5686, -0.9797, -0.4688,  0.1109,
         0.0000,  1.0093,  0.8616, -0.0980,  1.0000,  0.0000,  0.3801,  0.3893,
         0.4051,  0.4322,  0.4838,  0.5631,  0.6992,  0.8889,  1.0000,  1.0000])
2026-02-19 03:04:32,630 : evaluate.evaluate : INFO : Evaluation results: mean = 334.90, std = 0.00, min = 334.90, max = 334.90, count = 1
2026-02-19 03:04:32,630 : evaluate.evaluate : INFO : Evaluation lengths: mean = 618.00, std = 0.00, min = 618.00, max = 618.00, count = 1
2026-02-19 03:04:32,631 : evaluate.evaluate : INFO : Covariance matrix:
[0.02697936 0.04712147 0.06655109 0.02643487]
2026-02-19 03:31:40,628 : network.model : INFO : Saved model to logs/BipedalWalker/PPO/v2/model.pt
2026-02-19 03:31:54,662 : evaluate.evaluate : INFO : Final state tensor([ 0.0226,  0.0430,  0.9164,  0.0174,  0.4941,  1.0000, -0.6220,  0.0000,
         0.0000,  0.8256, -0.5922, -0.2468, -0.8091,  1.0000,  0.3953,  0.3978,
         0.4083,  0.4300,  0.4677,  0.5137,  0.5963,  0.7463,  1.0000,  1.0000])
2026-02-19 03:31:54,662 : evaluate.evaluate : INFO : Evaluation results: mean = 335.57, std = 0.00, min = 335.57, max = 335.57, count = 1
2026-02-19 03:31:54,663 : evaluate.evaluate : INFO : Evaluation lengths: mean = 606.00, std = 0.00, min = 606.00, max = 606.00, count = 1
2026-02-19 03:31:54,664 : evaluate.evaluate : INFO : Covariance matrix:
[0.02233496 0.03746672 0.05526081 0.02171565]
2026-02-19 04:00:26,483 : network.model : INFO : Saved model to logs/BipedalWalker/PPO/v2/model.pt
2026-02-19 04:00:44,889 : evaluate.evaluate : INFO : Final state tensor([ 0.0476, -0.0141,  0.8808, -0.0318,  0.6164,  1.0279, -0.4090, -1.0024,
         1.0000,  0.7493,  0.4719, -0.3305,  0.2322,  0.0000,  0.3953,  0.3998,
         0.4163,  0.4463,  0.4898,  0.5473,  0.6340,  0.7913,  1.0000,  1.0000])
2026-02-19 04:00:44,890 : evaluate.evaluate : INFO : Evaluation results: mean = 335.79, std = 0.00, min = 335.79, max = 335.79, count = 1
2026-02-19 04:00:44,890 : evaluate.evaluate : INFO : Evaluation lengths: mean = 600.00, std = 0.00, min = 600.00, max = 600.00, count = 1
2026-02-19 04:00:44,892 : evaluate.evaluate : INFO : Covariance matrix:
[0.01930804 0.03152041 0.04605269 0.01841269]
2026-02-19 04:28:49,202 : network.model : INFO : Saved model to logs/BipedalWalker/PPO/v2/model.pt
2026-02-19 04:29:07,821 : evaluate.evaluate : INFO : Final state tensor([ 0.0480,  0.0243,  0.9549, -0.0186,  0.4800,  0.8859, -0.4177,  1.0000,
         0.0000,  0.7081, -0.1000, -0.0928, -1.2395,  1.0000,  0.4012,  0.4109,
         0.4279,  0.4523,  0.4883,  0.5504,  0.6483,  0.8271,  1.0000,  1.0000])
2026-02-19 04:29:07,823 : evaluate.evaluate : INFO : Evaluation results: mean = 336.76, std = 0.00, min = 336.76, max = 336.76, count = 1
2026-02-19 04:29:07,824 : evaluate.evaluate : INFO : Evaluation lengths: mean = 593.00, std = 0.00, min = 593.00, max = 593.00, count = 1
2026-02-19 04:29:07,826 : evaluate.evaluate : INFO : Covariance matrix:
[0.01766824 0.0287816  0.04238362 0.01672595]
2026-02-19 04:36:56,200 : evaluate.evaluate : INFO : Final state tensor([-0.0211,  0.0031,  0.8653,  0.0107,  0.2492, -0.1454, -0.2876, -0.3110,
         0.2500,  0.9815, -0.1727,  0.1572,  0.4388,  0.2500,  0.3942,  0.3993,
         0.4146,  0.4417,  0.4870,  0.5537,  0.6603,  0.8489,  1.0000,  1.0000])
2026-02-19 04:36:56,200 : evaluate.evaluate : INFO : Evaluation results: mean = 326.29, std = 48.21, min = -18.73, max = 337.81, count = 1000
2026-02-19 04:36:56,201 : evaluate.evaluate : INFO : Evaluation lengths: mean = 588.03, std = 43.39, min = 196.00, max = 622.00, count = 1000
2026-02-19 04:36:56,202 : evaluate.evaluate : INFO : Covariance matrix:
[0.01766824 0.0287816  0.04238362 0.01672595]
2026-02-19 04:36:56,306 : worker.worker : INFO : ==================== End training ====================
