2026-02-16 21:14:52,597 : worker.worker : INFO : Current device cpu
2026-02-16 21:14:52,790 : OpenGL.platform.ctypesloader : DEBUG : Loaded libOSMesa.so => libOSMesa.so <CDLL 'libOSMesa.so', handle 5ce03e03fdb0 at 0x780ea2abf010>
2026-02-16 21:14:52,794 : OpenGL.acceleratesupport : DEBUG : OpenGL_accelerate module loaded
2026-02-16 21:14:52,813 : OpenGL.arrays.arraydatatype : DEBUG : Using accelerated ArrayDatatype
2026-02-16 21:14:53,282 : envs.wrappers : INFO : PowerObsRewardWrapper attached with params [-0.1, -0.05, -0.02, 0.0, -0.01, 0.0, 0.0, 0.0] None [0.0, 0.0, 0.0, 0.2, 0.0, 0.0, 0.0, 0.0] 0.992
2026-02-16 21:14:53,357 : envs.wrappers : INFO : PowerObsRewardWrapper attached with params [-0.1, -0.05, -0.02, 0.0, -0.01, 0.0, 0.0, 0.0] None [0.0, 0.0, 0.0, 0.2, 0.0, 0.0, 0.0, 0.0] 0.992
2026-02-16 21:14:53,413 : envs.wrappers : INFO : PowerObsRewardWrapper attached with params [-0.1, -0.05, -0.02, 0.0, -0.01, 0.0, 0.0, 0.0] None [0.0, 0.0, 0.0, 0.2, 0.0, 0.0, 0.0, 0.0] 0.992
2026-02-16 21:14:53,433 : envs.wrappers : INFO : PowerObsRewardWrapper attached with params [-0.1, -0.05, -0.02, 0.0, -0.01, 0.0, 0.0, 0.0] None [0.0, 0.0, 0.0, 0.2, 0.0, 0.0, 0.0, 0.0] 0.992
2026-02-16 21:14:53,457 : envs.wrappers : INFO : PowerObsRewardWrapper attached with params [-0.1, -0.05, -0.02, 0.0, -0.01, 0.0, 0.0, 0.0] None [0.0, 0.0, 0.0, 0.2, 0.0, 0.0, 0.0, 0.0] 0.992
2026-02-16 21:14:53,489 : envs.wrappers : INFO : PowerObsRewardWrapper attached with params [-0.1, -0.05, -0.02, 0.0, -0.01, 0.0, 0.0, 0.0] None [0.0, 0.0, 0.0, 0.2, 0.0, 0.0, 0.0, 0.0] 0.992
2026-02-16 21:14:53,496 : envs.wrappers : INFO : PowerObsRewardWrapper attached with params [-0.1, -0.05, -0.02, 0.0, -0.01, 0.0, 0.0, 0.0] None [0.0, 0.0, 0.0, 0.2, 0.0, 0.0, 0.0, 0.0] 0.992
2026-02-16 21:14:53,521 : envs.wrappers : INFO : PowerObsRewardWrapper attached with params [-0.1, -0.05, -0.02, 0.0, -0.01, 0.0, 0.0, 0.0] None [0.0, 0.0, 0.0, 0.2, 0.0, 0.0, 0.0, 0.0] 0.992
2026-02-16 21:14:53,553 : envs.wrappers : INFO : PowerObsRewardWrapper attached with params [-0.1, -0.05, -0.02, 0.0, -0.01, 0.0, 0.0, 0.0] None [0.0, 0.0, 0.0, 0.2, 0.0, 0.0, 0.0, 0.0] 0.992
2026-02-16 21:14:56,768 : worker.worker : INFO : ==================== Start training ====================
2026-02-16 21:14:56,858 : network.model : INFO : Saved model to logs/Swimmer/Swimmer/v9/model.pt
2026-02-16 21:17:21,057 : evaluate.evaluate : INFO : Final state tensor([ 7.8791e-02,  1.7459e+00, -1.7458e+00, -2.0052e-03, -2.2410e-03,
         3.8807e-03, -2.3267e-04,  9.1771e-03])
2026-02-16 21:17:21,059 : evaluate.evaluate : INFO : Evaluation results: mean = -16.04, std = 0.00, min = -16.04, max = -16.04, count = 1
2026-02-16 21:17:21,060 : evaluate.evaluate : INFO : Evaluation lengths: mean = 1000.00, std = 0.00, min = 1000.00, max = 1000.00, count = 1
2026-02-16 21:17:21,063 : evaluate.evaluate : INFO : Covariance matrix:
[0.18973666 0.18973666]
2026-02-16 22:47:00,185 : network.model : INFO : Saved model to logs/Swimmer/Swimmer/v9/model.pt
2026-02-16 22:49:31,664 : evaluate.evaluate : INFO : Final state tensor([ 0.2754, -0.6958, -0.1374,  0.4232, -0.4210,  0.7899,  0.1032, -2.9480])
2026-02-16 22:49:31,665 : evaluate.evaluate : INFO : Evaluation results: mean = 250.61, std = 0.00, min = 250.61, max = 250.61, count = 1
2026-02-16 22:49:31,666 : evaluate.evaluate : INFO : Evaluation lengths: mean = 1000.00, std = 0.00, min = 1000.00, max = 1000.00, count = 1
2026-02-16 22:49:31,668 : evaluate.evaluate : INFO : Covariance matrix:
[0.1444532 0.1027936]
2026-02-17 00:22:52,347 : network.model : INFO : Saved model to logs/Swimmer/Swimmer/v9/model.pt
2026-02-17 00:25:05,003 : evaluate.evaluate : INFO : Final state tensor([-0.5263,  0.6012,  0.5265,  0.0508, -0.8659,  0.6164, -1.9566,  2.6639])
2026-02-17 00:25:05,005 : evaluate.evaluate : INFO : Evaluation results: mean = 320.37, std = 0.00, min = 320.37, max = 320.37, count = 1
2026-02-17 00:25:05,005 : evaluate.evaluate : INFO : Evaluation lengths: mean = 1000.00, std = 0.00, min = 1000.00, max = 1000.00, count = 1
2026-02-17 00:25:05,008 : evaluate.evaluate : INFO : Covariance matrix:
[0.06502216 0.0531417 ]
2026-02-17 01:26:54,084 : network.model : INFO : Saved model to logs/Swimmer/Swimmer/v9/model.pt
2026-02-17 01:28:34,291 : evaluate.evaluate : INFO : Final state tensor([ 4.7842e-01, -6.9878e-01,  7.6531e-04,  8.0597e-01, -8.0057e-01,
         1.4565e+00, -5.1703e-01, -3.6726e+00])
2026-02-17 01:28:34,293 : evaluate.evaluate : INFO : Evaluation results: mean = 329.10, std = 0.00, min = 329.10, max = 329.10, count = 1
2026-02-17 01:28:34,293 : evaluate.evaluate : INFO : Evaluation lengths: mean = 1000.00, std = 0.00, min = 1000.00, max = 1000.00, count = 1
2026-02-17 01:28:34,300 : evaluate.evaluate : INFO : Covariance matrix:
[0.0426656  0.04115744]
2026-02-17 02:13:36,097 : network.model : INFO : Saved model to logs/Swimmer/Swimmer/v9/model.pt
2026-02-17 02:15:18,892 : evaluate.evaluate : INFO : Final state tensor([-0.5193,  0.5380,  0.5916, -0.0061, -1.0123,  0.8469, -2.0409,  1.9738])
2026-02-17 02:15:18,894 : evaluate.evaluate : INFO : Evaluation results: mean = 328.98, std = 0.00, min = 328.98, max = 328.98, count = 1
2026-02-17 02:15:18,894 : evaluate.evaluate : INFO : Evaluation lengths: mean = 1000.00, std = 0.00, min = 1000.00, max = 1000.00, count = 1
2026-02-17 02:15:18,896 : evaluate.evaluate : INFO : Covariance matrix:
[0.0351     0.03436289]
2026-02-17 03:03:59,064 : network.model : INFO : Saved model to logs/Swimmer/Swimmer/v9/model.pt
2026-02-17 03:05:38,297 : evaluate.evaluate : INFO : Final state tensor([-0.4563,  0.6957, -0.0839,  0.8712,  1.0106, -1.6742,  0.8726,  3.5222])
2026-02-17 03:05:38,302 : evaluate.evaluate : INFO : Evaluation results: mean = 328.91, std = 0.00, min = 328.91, max = 328.91, count = 1
2026-02-17 03:05:38,303 : evaluate.evaluate : INFO : Evaluation lengths: mean = 1000.00, std = 0.00, min = 1000.00, max = 1000.00, count = 1
2026-02-17 03:05:38,306 : evaluate.evaluate : INFO : Covariance matrix:
[0.02858168 0.02783475]
2026-02-17 03:53:09,079 : network.model : INFO : Saved model to logs/Swimmer/Swimmer/v9/model.pt
2026-02-17 03:55:04,536 : evaluate.evaluate : INFO : Final state tensor([-0.0611, -0.1786,  0.3868,  0.2442, -2.0525,  2.3077, -2.6683, -1.8017])
2026-02-17 03:55:04,538 : evaluate.evaluate : INFO : Evaluation results: mean = 313.80, std = 0.00, min = 313.80, max = 313.80, count = 1
2026-02-17 03:55:04,538 : evaluate.evaluate : INFO : Evaluation lengths: mean = 1000.00, std = 0.00, min = 1000.00, max = 1000.00, count = 1
2026-02-17 03:55:04,541 : evaluate.evaluate : INFO : Covariance matrix:
[0.02465396 0.02564225]
2026-02-17 04:41:03,733 : network.model : INFO : Saved model to logs/Swimmer/Swimmer/v9/model.pt
2026-02-17 04:42:47,400 : evaluate.evaluate : INFO : Final state tensor([-0.2762,  0.1974,  0.5210, -0.0086, -1.9648,  2.1183, -2.9113, -0.5578])
2026-02-17 04:42:47,401 : evaluate.evaluate : INFO : Evaluation results: mean = 315.91, std = 0.00, min = 315.91, max = 315.91, count = 1
2026-02-17 04:42:47,401 : evaluate.evaluate : INFO : Evaluation lengths: mean = 1000.00, std = 0.00, min = 1000.00, max = 1000.00, count = 1
2026-02-17 04:42:47,403 : evaluate.evaluate : INFO : Covariance matrix:
[0.02031227 0.02319621]
2026-02-17 05:30:52,447 : network.model : INFO : Saved model to logs/Swimmer/Swimmer/v9/model.pt
2026-02-17 05:32:37,925 : evaluate.evaluate : INFO : Final state tensor([-0.4893,  0.5150,  0.4791,  0.0912, -0.8382,  0.7004, -1.5607,  1.1894])
2026-02-17 05:32:37,927 : evaluate.evaluate : INFO : Evaluation results: mean = 312.03, std = 0.00, min = 312.03, max = 312.03, count = 1
2026-02-17 05:32:37,928 : evaluate.evaluate : INFO : Evaluation lengths: mean = 1000.00, std = 0.00, min = 1000.00, max = 1000.00, count = 1
2026-02-17 05:32:37,930 : evaluate.evaluate : INFO : Covariance matrix:
[0.01658274 0.02042904]
2026-02-17 06:23:24,025 : network.model : INFO : Saved model to logs/Swimmer/Swimmer/v9/model.pt
2026-02-17 06:25:13,113 : evaluate.evaluate : INFO : Final state tensor([-0.4576,  0.6689,  0.0541,  0.6241,  0.2580, -0.8879, -0.5458,  4.3896])
2026-02-17 06:25:13,115 : evaluate.evaluate : INFO : Evaluation results: mean = 306.01, std = 0.00, min = 306.01, max = 306.01, count = 1
2026-02-17 06:25:13,115 : evaluate.evaluate : INFO : Evaluation lengths: mean = 1000.00, std = 0.00, min = 1000.00, max = 1000.00, count = 1
2026-02-17 06:25:13,117 : evaluate.evaluate : INFO : Covariance matrix:
[0.01498232 0.01885838]
2026-02-17 07:03:15,035 : network.model : INFO : Saved model to logs/Swimmer/Swimmer/v9/model.pt
2026-02-17 07:04:39,740 : evaluate.evaluate : INFO : Final state tensor([ 0.4047, -0.2372, -0.8144, -0.1151,  1.0332, -0.8665,  2.0541, -1.9799])
2026-02-17 07:04:39,742 : evaluate.evaluate : INFO : Evaluation results: mean = 301.93, std = 0.00, min = 301.93, max = 301.93, count = 1
2026-02-17 07:04:39,742 : evaluate.evaluate : INFO : Evaluation lengths: mean = 1000.00, std = 0.00, min = 1000.00, max = 1000.00, count = 1
2026-02-17 07:04:39,746 : evaluate.evaluate : INFO : Covariance matrix:
[0.01433008 0.01847716]
2026-02-17 07:17:19,282 : evaluate.evaluate : INFO : Final state tensor([ 0.1443,  0.0605, -0.5820,  0.2839,  1.0124, -1.0656,  1.4982,  0.1879])
2026-02-17 07:17:19,283 : evaluate.evaluate : INFO : Evaluation results: mean = 300.96, std = 2.48, min = 291.89, max = 306.83, count = 1000
2026-02-17 07:17:19,283 : evaluate.evaluate : INFO : Evaluation lengths: mean = 1000.00, std = 0.00, min = 1000.00, max = 1000.00, count = 1000
2026-02-17 07:17:19,284 : evaluate.evaluate : INFO : Covariance matrix:
[0.01433008 0.01847716]
2026-02-17 07:17:19,447 : worker.worker : INFO : ==================== End training ====================
