2026-03-22 20:32:24,768 : worker.worker : INFO : Current device cuda
2026-03-22 20:32:24,970 : envs.wrappers : INFO : ActionPowerRewardWrapper attached with params None [-0.1, 0, 0, 0, 0] 1
2026-03-22 20:32:25,135 : envs.wrappers : INFO : TerminalBonusWrapper attached with params -1 0.0
2026-03-22 20:32:25,353 : envs.wrappers : INFO : ActionPowerRewardWrapper attached with params None [-0.1, 0, 0, 0, 0] 1
2026-03-22 20:32:25,354 : envs.wrappers : INFO : TerminalBonusWrapper attached with params -1 0.0
2026-03-22 20:32:25,366 : envs.wrappers : INFO : ActionPowerRewardWrapper attached with params None [-0.1, 0, 0, 0, 0] 1
2026-03-22 20:32:25,367 : envs.wrappers : INFO : TerminalBonusWrapper attached with params -1 0.0
2026-03-22 20:32:25,367 : envs.wrappers : INFO : ActionPowerRewardWrapper attached with params None [-0.1, 0, 0, 0, 0] 1
2026-03-22 20:32:25,368 : envs.wrappers : INFO : TerminalBonusWrapper attached with params -1 0.0
2026-03-22 20:32:25,378 : envs.wrappers : INFO : ActionPowerRewardWrapper attached with params None [-0.1, 0, 0, 0, 0] 1
2026-03-22 20:32:25,379 : envs.wrappers : INFO : TerminalBonusWrapper attached with params -1 0.0
2026-03-22 20:32:25,379 : envs.wrappers : INFO : ActionPowerRewardWrapper attached with params None [-0.1, 0, 0, 0, 0] 1
2026-03-22 20:32:25,380 : envs.wrappers : INFO : TerminalBonusWrapper attached with params -1 0.0
2026-03-22 20:32:25,383 : envs.wrappers : INFO : ActionPowerRewardWrapper attached with params None [-0.1, 0, 0, 0, 0] 1
2026-03-22 20:32:25,384 : envs.wrappers : INFO : TerminalBonusWrapper attached with params -1 0.0
2026-03-22 20:32:25,393 : envs.wrappers : INFO : ActionPowerRewardWrapper attached with params None [-0.1, 0, 0, 0, 0] 1
2026-03-22 20:32:25,394 : envs.wrappers : INFO : TerminalBonusWrapper attached with params -1 0.0
2026-03-22 20:32:25,417 : envs.wrappers : INFO : ActionPowerRewardWrapper attached with params None [-0.1, 0, 0, 0, 0] 1
2026-03-22 20:32:25,418 : envs.wrappers : INFO : TerminalBonusWrapper attached with params -1 0.0
2026-03-22 20:32:25,742 : worker.worker : INFO : ==================== Start training ====================
2026-03-22 20:32:26,429 : network.model : INFO : Saved model to logs/Pacman/PPO/v2/model.pt
2026-03-22 20:32:27,136 : envs.wrappers : INFO : TerminalBonusWrapper attached with params -1 0.0
2026-03-22 20:32:27,357 : envs.wrappers : INFO : TerminalBonusWrapper attached with params -1 0.0
2026-03-22 20:32:27,753 : evaluate.evaluate : INFO : Evaluation results: mean = 3.00, std = 0.00, min = 3.00, max = 3.00, count = 1
2026-03-22 20:32:27,753 : evaluate.evaluate : INFO : Evaluation lengths: mean = 84.00, std = 0.00, min = 84.00, max = 84.00, count = 1
2026-03-22 20:32:27,791 : evaluate.evaluate : DEBUG : Action logits: tensor([[-0.0076, -0.0440,  0.0674,  0.0238, -0.0562]], device='cuda:0',
       dtype=torch.float16)
2026-03-22 20:49:25,384 : network.model : INFO : Saved model to logs/Pacman/PPO/v2/model.pt
2026-03-22 20:49:25,587 : envs.wrappers : INFO : TerminalBonusWrapper attached with params -1 0.0
2026-03-22 20:49:25,824 : envs.wrappers : INFO : TerminalBonusWrapper attached with params -1 0.0
2026-03-22 20:49:26,382 : evaluate.evaluate : INFO : Evaluation results: mean = 1.00, std = 0.00, min = 1.00, max = 1.00, count = 1
2026-03-22 20:49:26,383 : evaluate.evaluate : INFO : Evaluation lengths: mean = 120.00, std = 0.00, min = 120.00, max = 120.00, count = 1
2026-03-22 20:49:26,385 : evaluate.evaluate : DEBUG : Action logits: tensor([[-0.1771,  0.0033,  0.2678, -0.2983,  0.4150]], device='cuda:0',
       dtype=torch.float16)
2026-03-22 21:06:11,815 : network.model : INFO : Saved model to logs/Pacman/PPO/v2/model.pt
2026-03-22 21:06:11,998 : envs.wrappers : INFO : TerminalBonusWrapper attached with params -1 0.0
2026-03-22 21:06:12,226 : envs.wrappers : INFO : TerminalBonusWrapper attached with params -1 0.0
2026-03-22 21:06:12,658 : evaluate.evaluate : INFO : Evaluation results: mean = 3.00, std = 0.00, min = 3.00, max = 3.00, count = 1
2026-03-22 21:06:12,658 : evaluate.evaluate : INFO : Evaluation lengths: mean = 84.00, std = 0.00, min = 84.00, max = 84.00, count = 1
2026-03-22 21:06:12,661 : evaluate.evaluate : DEBUG : Action logits: tensor([[-0.2225,  0.1041,  0.4814, -0.4580,  0.3779]], device='cuda:0',
       dtype=torch.float16)
2026-03-22 21:22:43,444 : network.model : INFO : Saved model to logs/Pacman/PPO/v2/model.pt
2026-03-22 21:22:43,628 : envs.wrappers : INFO : TerminalBonusWrapper attached with params -1 0.0
2026-03-22 21:22:43,873 : envs.wrappers : INFO : TerminalBonusWrapper attached with params -1 0.0
2026-03-22 21:22:44,419 : evaluate.evaluate : INFO : Evaluation results: mean = 4.00, std = 0.00, min = 4.00, max = 4.00, count = 1
2026-03-22 21:22:44,420 : evaluate.evaluate : INFO : Evaluation lengths: mean = 119.00, std = 0.00, min = 119.00, max = 119.00, count = 1
2026-03-22 21:22:44,423 : evaluate.evaluate : DEBUG : Action logits: tensor([[-0.2108,  0.1459,  0.3691, -0.4207,  0.3997]], device='cuda:0',
       dtype=torch.float16)
2026-03-22 21:39:11,137 : network.model : INFO : Saved model to logs/Pacman/PPO/v2/model.pt
2026-03-22 21:39:11,319 : envs.wrappers : INFO : TerminalBonusWrapper attached with params -1 0.0
2026-03-22 21:39:11,574 : envs.wrappers : INFO : TerminalBonusWrapper attached with params -1 0.0
2026-03-22 21:39:12,114 : evaluate.evaluate : INFO : Evaluation results: mean = 1.00, std = 0.00, min = 1.00, max = 1.00, count = 1
2026-03-22 21:39:12,115 : evaluate.evaluate : INFO : Evaluation lengths: mean = 120.00, std = 0.00, min = 120.00, max = 120.00, count = 1
2026-03-22 21:39:12,116 : evaluate.evaluate : DEBUG : Action logits: tensor([[-0.2358,  0.0986,  0.3384, -0.3359,  0.4800]], device='cuda:0',
       dtype=torch.float16)
2026-03-22 21:55:36,251 : network.model : INFO : Saved model to logs/Pacman/PPO/v2/model.pt
2026-03-22 21:55:36,433 : envs.wrappers : INFO : TerminalBonusWrapper attached with params -1 0.0
2026-03-22 21:55:36,666 : envs.wrappers : INFO : TerminalBonusWrapper attached with params -1 0.0
2026-03-22 21:55:37,248 : evaluate.evaluate : INFO : Evaluation results: mean = 1.00, std = 0.00, min = 1.00, max = 1.00, count = 1
2026-03-22 21:55:37,248 : evaluate.evaluate : INFO : Evaluation lengths: mean = 120.00, std = 0.00, min = 120.00, max = 120.00, count = 1
2026-03-22 21:55:37,250 : evaluate.evaluate : DEBUG : Action logits: tensor([[-0.2008, -0.0091,  0.3933, -0.3389,  0.5044]], device='cuda:0',
       dtype=torch.float16)
2026-03-22 22:12:00,034 : network.model : INFO : Saved model to logs/Pacman/PPO/v2/model.pt
2026-03-22 22:12:00,217 : envs.wrappers : INFO : TerminalBonusWrapper attached with params -1 0.0
2026-03-22 22:12:00,451 : envs.wrappers : INFO : TerminalBonusWrapper attached with params -1 0.0
2026-03-22 22:12:01,097 : evaluate.evaluate : INFO : Evaluation results: mean = 1.00, std = 0.00, min = 1.00, max = 1.00, count = 1
2026-03-22 22:12:01,098 : evaluate.evaluate : INFO : Evaluation lengths: mean = 120.00, std = 0.00, min = 120.00, max = 120.00, count = 1
2026-03-22 22:12:01,100 : evaluate.evaluate : DEBUG : Action logits: tensor([[-0.2090,  0.0171,  0.3911, -0.3359,  0.5435]], device='cuda:0',
       dtype=torch.float16)
2026-03-22 22:28:25,262 : network.model : INFO : Saved model to logs/Pacman/PPO/v2/model.pt
2026-03-22 22:28:25,445 : envs.wrappers : INFO : TerminalBonusWrapper attached with params -1 0.0
2026-03-22 22:28:25,670 : envs.wrappers : INFO : TerminalBonusWrapper attached with params -1 0.0
2026-03-22 22:28:26,223 : evaluate.evaluate : INFO : Evaluation results: mean = 1.00, std = 0.00, min = 1.00, max = 1.00, count = 1
2026-03-22 22:28:26,223 : evaluate.evaluate : INFO : Evaluation lengths: mean = 120.00, std = 0.00, min = 120.00, max = 120.00, count = 1
2026-03-22 22:28:26,225 : evaluate.evaluate : DEBUG : Action logits: tensor([[-0.2012,  0.1364,  0.4683, -0.6001,  0.9487]], device='cuda:0',
       dtype=torch.float16)
2026-03-22 22:44:58,347 : network.model : INFO : Saved model to logs/Pacman/PPO/v2/model.pt
2026-03-22 22:44:58,531 : envs.wrappers : INFO : TerminalBonusWrapper attached with params -1 0.0
2026-03-22 22:44:58,760 : envs.wrappers : INFO : TerminalBonusWrapper attached with params -1 0.0
2026-03-22 22:44:59,390 : evaluate.evaluate : INFO : Evaluation results: mean = 1.00, std = 0.00, min = 1.00, max = 1.00, count = 1
2026-03-22 22:44:59,390 : evaluate.evaluate : INFO : Evaluation lengths: mean = 120.00, std = 0.00, min = 120.00, max = 120.00, count = 1
2026-03-22 22:44:59,392 : evaluate.evaluate : DEBUG : Action logits: tensor([[-0.1772,  0.2041,  0.2766, -0.5176,  1.3809]], device='cuda:0',
       dtype=torch.float16)
2026-03-22 23:00:35,168 : network.model : INFO : Saved model to logs/Pacman/PPO/v2/model.pt
2026-03-22 23:00:35,369 : envs.wrappers : INFO : TerminalBonusWrapper attached with params -1 0.0
2026-03-22 23:00:35,603 : envs.wrappers : INFO : TerminalBonusWrapper attached with params -1 0.0
2026-03-22 23:00:36,228 : evaluate.evaluate : INFO : Evaluation results: mean = 6.00, std = 0.00, min = 6.00, max = 6.00, count = 1
2026-03-22 23:00:36,228 : evaluate.evaluate : INFO : Evaluation lengths: mean = 122.00, std = 0.00, min = 122.00, max = 122.00, count = 1
2026-03-22 23:00:36,233 : evaluate.evaluate : DEBUG : Action logits: tensor([[-0.9116,  0.0243, -0.0723,  1.0674,  1.0898]], device='cuda:0',
       dtype=torch.float16)
2026-03-22 23:15:49,748 : network.model : INFO : Saved model to logs/Pacman/PPO/v2/model.pt
2026-03-22 23:15:49,931 : envs.wrappers : INFO : TerminalBonusWrapper attached with params -1 0.0
2026-03-22 23:15:50,160 : envs.wrappers : INFO : TerminalBonusWrapper attached with params -1 0.0
2026-03-22 23:15:50,672 : evaluate.evaluate : INFO : Evaluation results: mean = 2.00, std = 0.00, min = 2.00, max = 2.00, count = 1
2026-03-22 23:15:50,672 : evaluate.evaluate : INFO : Evaluation lengths: mean = 98.00, std = 0.00, min = 98.00, max = 98.00, count = 1
2026-03-22 23:15:50,675 : evaluate.evaluate : DEBUG : Action logits: tensor([[-1.1377,  0.2708,  0.3123,  1.2021,  1.1309]], device='cuda:0',
       dtype=torch.float16)
2026-03-22 23:31:23,007 : network.model : INFO : Saved model to logs/Pacman/PPO/v2/model.pt
2026-03-22 23:31:23,190 : envs.wrappers : INFO : TerminalBonusWrapper attached with params -1 0.0
2026-03-22 23:31:23,421 : envs.wrappers : INFO : TerminalBonusWrapper attached with params -1 0.0
2026-03-22 23:31:23,802 : evaluate.evaluate : INFO : Evaluation results: mean = 3.00, std = 0.00, min = 3.00, max = 3.00, count = 1
2026-03-22 23:31:23,802 : evaluate.evaluate : INFO : Evaluation lengths: mean = 84.00, std = 0.00, min = 84.00, max = 84.00, count = 1
2026-03-22 23:31:23,804 : evaluate.evaluate : DEBUG : Action logits: tensor([[-0.9854,  1.0625,  1.9609,  0.4187,  0.2983]], device='cuda:0',
       dtype=torch.float16)
2026-03-22 23:48:11,838 : network.model : INFO : Saved model to logs/Pacman/PPO/v2/model.pt
2026-03-22 23:48:12,021 : envs.wrappers : INFO : TerminalBonusWrapper attached with params -1 0.0
2026-03-22 23:48:12,249 : envs.wrappers : INFO : TerminalBonusWrapper attached with params -1 0.0
2026-03-22 23:48:12,670 : evaluate.evaluate : INFO : Evaluation results: mean = 3.00, std = 0.00, min = 3.00, max = 3.00, count = 1
2026-03-22 23:48:12,670 : evaluate.evaluate : INFO : Evaluation lengths: mean = 84.00, std = 0.00, min = 84.00, max = 84.00, count = 1
2026-03-22 23:48:12,674 : evaluate.evaluate : DEBUG : Action logits: tensor([[-0.5327,  1.3369,  1.6680,  0.4675, -0.0928]], device='cuda:0',
       dtype=torch.float16)
2026-03-23 00:04:48,796 : network.model : INFO : Saved model to logs/Pacman/PPO/v2/model.pt
2026-03-23 00:04:48,979 : envs.wrappers : INFO : TerminalBonusWrapper attached with params -1 0.0
2026-03-23 00:04:49,213 : envs.wrappers : INFO : TerminalBonusWrapper attached with params -1 0.0
2026-03-23 00:04:49,580 : evaluate.evaluate : INFO : Evaluation results: mean = 3.00, std = 0.00, min = 3.00, max = 3.00, count = 1
2026-03-23 00:04:49,580 : evaluate.evaluate : INFO : Evaluation lengths: mean = 84.00, std = 0.00, min = 84.00, max = 84.00, count = 1
2026-03-23 00:04:49,584 : evaluate.evaluate : DEBUG : Action logits: tensor([[-0.2307,  1.2393,  2.0117,  0.1842, -0.1072]], device='cuda:0',
       dtype=torch.float16)
2026-03-23 00:21:34,245 : network.model : INFO : Saved model to logs/Pacman/PPO/v2/model.pt
2026-03-23 00:21:34,427 : envs.wrappers : INFO : TerminalBonusWrapper attached with params -1 0.0
2026-03-23 00:21:34,661 : envs.wrappers : INFO : TerminalBonusWrapper attached with params -1 0.0
2026-03-23 00:21:35,215 : evaluate.evaluate : INFO : Evaluation results: mean = 1.00, std = 0.00, min = 1.00, max = 1.00, count = 1
2026-03-23 00:21:35,215 : evaluate.evaluate : INFO : Evaluation lengths: mean = 120.00, std = 0.00, min = 120.00, max = 120.00, count = 1
2026-03-23 00:21:35,217 : evaluate.evaluate : DEBUG : Action logits: tensor([[-0.1136,  1.4580,  1.2480,  0.2029,  0.1003]], device='cuda:0',
       dtype=torch.float16)
2026-03-23 00:38:17,384 : network.model : INFO : Saved model to logs/Pacman/PPO/v2/model.pt
2026-03-23 00:38:17,567 : envs.wrappers : INFO : TerminalBonusWrapper attached with params -1 0.0
2026-03-23 00:38:17,795 : envs.wrappers : INFO : TerminalBonusWrapper attached with params -1 0.0
2026-03-23 00:38:18,424 : evaluate.evaluate : INFO : Evaluation results: mean = 1.00, std = 0.00, min = 1.00, max = 1.00, count = 1
2026-03-23 00:38:18,425 : evaluate.evaluate : INFO : Evaluation lengths: mean = 120.00, std = 0.00, min = 120.00, max = 120.00, count = 1
2026-03-23 00:38:18,427 : evaluate.evaluate : DEBUG : Action logits: tensor([[ 0.0938,  1.4893,  0.7944,  0.3723, -0.0933]], device='cuda:0',
       dtype=torch.float16)
2026-03-23 00:55:00,217 : network.model : INFO : Saved model to logs/Pacman/PPO/v2/model.pt
2026-03-23 00:55:00,399 : envs.wrappers : INFO : TerminalBonusWrapper attached with params -1 0.0
2026-03-23 00:55:00,622 : envs.wrappers : INFO : TerminalBonusWrapper attached with params -1 0.0
2026-03-23 00:55:01,150 : evaluate.evaluate : INFO : Evaluation results: mean = 1.00, std = 0.00, min = 1.00, max = 1.00, count = 1
2026-03-23 00:55:01,150 : evaluate.evaluate : INFO : Evaluation lengths: mean = 120.00, std = 0.00, min = 120.00, max = 120.00, count = 1
2026-03-23 00:55:01,152 : evaluate.evaluate : DEBUG : Action logits: tensor([[-0.0075,  1.5693,  1.0791,  0.2225, -0.0945]], device='cuda:0',
       dtype=torch.float16)
2026-03-23 01:11:38,536 : network.model : INFO : Saved model to logs/Pacman/PPO/v2/model.pt
2026-03-23 01:11:38,719 : envs.wrappers : INFO : TerminalBonusWrapper attached with params -1 0.0
2026-03-23 01:11:38,950 : envs.wrappers : INFO : TerminalBonusWrapper attached with params -1 0.0
2026-03-23 01:11:39,530 : evaluate.evaluate : INFO : Evaluation results: mean = 1.00, std = 0.00, min = 1.00, max = 1.00, count = 1
2026-03-23 01:11:39,530 : evaluate.evaluate : INFO : Evaluation lengths: mean = 120.00, std = 0.00, min = 120.00, max = 120.00, count = 1
2026-03-23 01:11:39,532 : evaluate.evaluate : DEBUG : Action logits: tensor([[-0.0156,  1.2949,  0.9854,  0.1794, -0.0489]], device='cuda:0',
       dtype=torch.float16)
2026-03-23 01:28:15,654 : network.model : INFO : Saved model to logs/Pacman/PPO/v2/model.pt
2026-03-23 01:28:15,837 : envs.wrappers : INFO : TerminalBonusWrapper attached with params -1 0.0
2026-03-23 01:28:16,071 : envs.wrappers : INFO : TerminalBonusWrapper attached with params -1 0.0
2026-03-23 01:28:16,695 : evaluate.evaluate : INFO : Evaluation results: mean = 1.00, std = 0.00, min = 1.00, max = 1.00, count = 1
2026-03-23 01:28:16,696 : evaluate.evaluate : INFO : Evaluation lengths: mean = 120.00, std = 0.00, min = 120.00, max = 120.00, count = 1
2026-03-23 01:28:16,700 : evaluate.evaluate : DEBUG : Action logits: tensor([[-0.0080,  1.7178,  1.3281,  0.0351, -0.0897]], device='cuda:0',
       dtype=torch.float16)
2026-03-23 01:44:56,609 : network.model : INFO : Saved model to logs/Pacman/PPO/v2/model.pt
2026-03-23 01:44:56,792 : envs.wrappers : INFO : TerminalBonusWrapper attached with params -1 0.0
2026-03-23 01:44:57,021 : envs.wrappers : INFO : TerminalBonusWrapper attached with params -1 0.0
2026-03-23 01:44:57,678 : evaluate.evaluate : INFO : Evaluation results: mean = 1.00, std = 0.00, min = 1.00, max = 1.00, count = 1
2026-03-23 01:44:57,679 : evaluate.evaluate : INFO : Evaluation lengths: mean = 120.00, std = 0.00, min = 120.00, max = 120.00, count = 1
2026-03-23 01:44:57,681 : evaluate.evaluate : DEBUG : Action logits: tensor([[-0.1658,  1.4814,  1.1201,  0.1086,  0.0304]], device='cuda:0',
       dtype=torch.float16)
2026-03-23 02:01:40,380 : network.model : INFO : Saved model to logs/Pacman/PPO/v2/model.pt
2026-03-23 02:01:40,562 : envs.wrappers : INFO : TerminalBonusWrapper attached with params -1 0.0
2026-03-23 02:01:40,791 : envs.wrappers : INFO : TerminalBonusWrapper attached with params -1 0.0
2026-03-23 02:01:41,393 : evaluate.evaluate : INFO : Evaluation results: mean = 1.00, std = 0.00, min = 1.00, max = 1.00, count = 1
2026-03-23 02:01:41,393 : evaluate.evaluate : INFO : Evaluation lengths: mean = 120.00, std = 0.00, min = 120.00, max = 120.00, count = 1
2026-03-23 02:01:41,395 : evaluate.evaluate : DEBUG : Action logits: tensor([[0.0802, 1.8311, 0.7900, 0.0490, 0.0589]], device='cuda:0',
       dtype=torch.float16)
2026-03-23 02:18:24,183 : network.model : INFO : Saved model to logs/Pacman/PPO/v2/model.pt
2026-03-23 02:18:24,367 : envs.wrappers : INFO : TerminalBonusWrapper attached with params -1 0.0
2026-03-23 02:18:24,597 : envs.wrappers : INFO : TerminalBonusWrapper attached with params -1 0.0
2026-03-23 02:18:25,110 : evaluate.evaluate : INFO : Evaluation results: mean = 1.00, std = 0.00, min = 1.00, max = 1.00, count = 1
2026-03-23 02:18:25,110 : evaluate.evaluate : INFO : Evaluation lengths: mean = 120.00, std = 0.00, min = 120.00, max = 120.00, count = 1
2026-03-23 02:18:25,113 : evaluate.evaluate : DEBUG : Action logits: tensor([[0.0366, 1.7744, 0.8101, 0.1011, 0.0028]], device='cuda:0',
       dtype=torch.float16)
2026-03-23 02:35:04,639 : network.model : INFO : Saved model to logs/Pacman/PPO/v2/model.pt
2026-03-23 02:35:04,821 : envs.wrappers : INFO : TerminalBonusWrapper attached with params -1 0.0
2026-03-23 02:35:05,051 : envs.wrappers : INFO : TerminalBonusWrapper attached with params -1 0.0
2026-03-23 02:35:05,560 : evaluate.evaluate : INFO : Evaluation results: mean = 1.00, std = 0.00, min = 1.00, max = 1.00, count = 1
2026-03-23 02:35:05,560 : evaluate.evaluate : INFO : Evaluation lengths: mean = 120.00, std = 0.00, min = 120.00, max = 120.00, count = 1
2026-03-23 02:35:05,562 : evaluate.evaluate : DEBUG : Action logits: tensor([[0.0038, 1.6514, 0.8682, 0.0931, 0.0266]], device='cuda:0',
       dtype=torch.float16)
2026-03-23 02:51:45,644 : network.model : INFO : Saved model to logs/Pacman/PPO/v2/model.pt
2026-03-23 02:51:45,828 : envs.wrappers : INFO : TerminalBonusWrapper attached with params -1 0.0
2026-03-23 02:51:46,057 : envs.wrappers : INFO : TerminalBonusWrapper attached with params -1 0.0
2026-03-23 02:51:46,613 : evaluate.evaluate : INFO : Evaluation results: mean = 1.00, std = 0.00, min = 1.00, max = 1.00, count = 1
2026-03-23 02:51:46,613 : evaluate.evaluate : INFO : Evaluation lengths: mean = 120.00, std = 0.00, min = 120.00, max = 120.00, count = 1
2026-03-23 02:51:46,615 : evaluate.evaluate : DEBUG : Action logits: tensor([[0.0529, 1.6611, 0.7334, 0.0301, 0.1172]], device='cuda:0',
       dtype=torch.float16)
2026-03-23 03:08:29,221 : network.model : INFO : Saved model to logs/Pacman/PPO/v2/model.pt
2026-03-23 03:08:29,404 : envs.wrappers : INFO : TerminalBonusWrapper attached with params -1 0.0
2026-03-23 03:08:29,634 : envs.wrappers : INFO : TerminalBonusWrapper attached with params -1 0.0
2026-03-23 03:08:30,225 : evaluate.evaluate : INFO : Evaluation results: mean = 1.00, std = 0.00, min = 1.00, max = 1.00, count = 1
2026-03-23 03:08:30,226 : evaluate.evaluate : INFO : Evaluation lengths: mean = 120.00, std = 0.00, min = 120.00, max = 120.00, count = 1
2026-03-23 03:08:30,228 : evaluate.evaluate : DEBUG : Action logits: tensor([[0.0285, 1.9697, 0.6890, 0.0832, 0.0795]], device='cuda:0',
       dtype=torch.float16)
2026-03-23 03:25:05,613 : network.model : INFO : Saved model to logs/Pacman/PPO/v2/model.pt
2026-03-23 03:25:05,796 : envs.wrappers : INFO : TerminalBonusWrapper attached with params -1 0.0
2026-03-23 03:25:06,023 : envs.wrappers : INFO : TerminalBonusWrapper attached with params -1 0.0
2026-03-23 03:25:06,627 : evaluate.evaluate : INFO : Evaluation results: mean = 1.00, std = 0.00, min = 1.00, max = 1.00, count = 1
2026-03-23 03:25:06,627 : evaluate.evaluate : INFO : Evaluation lengths: mean = 120.00, std = 0.00, min = 120.00, max = 120.00, count = 1
2026-03-23 03:25:06,629 : evaluate.evaluate : DEBUG : Action logits: tensor([[ 0.1132,  1.8711,  0.7339, -0.1288,  0.2010]], device='cuda:0',
       dtype=torch.float16)
2026-03-23 03:41:48,664 : network.model : INFO : Saved model to logs/Pacman/PPO/v2/model.pt
2026-03-23 03:41:48,846 : envs.wrappers : INFO : TerminalBonusWrapper attached with params -1 0.0
2026-03-23 03:41:49,077 : envs.wrappers : INFO : TerminalBonusWrapper attached with params -1 0.0
2026-03-23 03:41:49,717 : evaluate.evaluate : INFO : Evaluation results: mean = 1.00, std = 0.00, min = 1.00, max = 1.00, count = 1
2026-03-23 03:41:49,717 : evaluate.evaluate : INFO : Evaluation lengths: mean = 120.00, std = 0.00, min = 120.00, max = 120.00, count = 1
2026-03-23 03:41:49,719 : evaluate.evaluate : DEBUG : Action logits: tensor([[-0.0209,  1.8135,  0.7534, -0.0526,  0.2205]], device='cuda:0',
       dtype=torch.float16)
2026-03-23 03:58:37,932 : network.model : INFO : Saved model to logs/Pacman/PPO/v2/model.pt
2026-03-23 03:58:38,115 : envs.wrappers : INFO : TerminalBonusWrapper attached with params -1 0.0
2026-03-23 03:58:38,344 : envs.wrappers : INFO : TerminalBonusWrapper attached with params -1 0.0
2026-03-23 03:58:38,927 : evaluate.evaluate : INFO : Evaluation results: mean = 1.00, std = 0.00, min = 1.00, max = 1.00, count = 1
2026-03-23 03:58:38,928 : evaluate.evaluate : INFO : Evaluation lengths: mean = 120.00, std = 0.00, min = 120.00, max = 120.00, count = 1
2026-03-23 03:58:38,930 : evaluate.evaluate : DEBUG : Action logits: tensor([[-0.0468,  1.5645,  0.7500, -0.0427,  0.1571]], device='cuda:0',
       dtype=torch.float16)
2026-03-23 04:15:27,904 : network.model : INFO : Saved model to logs/Pacman/PPO/v2/model.pt
2026-03-23 04:15:28,088 : envs.wrappers : INFO : TerminalBonusWrapper attached with params -1 0.0
2026-03-23 04:15:28,319 : envs.wrappers : INFO : TerminalBonusWrapper attached with params -1 0.0
2026-03-23 04:15:28,955 : evaluate.evaluate : INFO : Evaluation results: mean = 1.00, std = 0.00, min = 1.00, max = 1.00, count = 1
2026-03-23 04:15:28,955 : evaluate.evaluate : INFO : Evaluation lengths: mean = 120.00, std = 0.00, min = 120.00, max = 120.00, count = 1
2026-03-23 04:15:28,958 : evaluate.evaluate : DEBUG : Action logits: tensor([[-0.0974,  1.5107,  0.7646,  0.0146,  0.1477]], device='cuda:0',
       dtype=torch.float16)
2026-03-23 04:32:14,643 : network.model : INFO : Saved model to logs/Pacman/PPO/v2/model.pt
2026-03-23 04:32:14,826 : envs.wrappers : INFO : TerminalBonusWrapper attached with params -1 0.0
2026-03-23 04:32:15,054 : envs.wrappers : INFO : TerminalBonusWrapper attached with params -1 0.0
2026-03-23 04:32:15,631 : evaluate.evaluate : INFO : Evaluation results: mean = 1.00, std = 0.00, min = 1.00, max = 1.00, count = 1
2026-03-23 04:32:15,631 : evaluate.evaluate : INFO : Evaluation lengths: mean = 120.00, std = 0.00, min = 120.00, max = 120.00, count = 1
2026-03-23 04:32:15,633 : evaluate.evaluate : DEBUG : Action logits: tensor([[-0.0094,  1.6807,  0.9395, -0.1420,  0.1555]], device='cuda:0',
       dtype=torch.float16)
2026-03-23 04:48:51,107 : network.model : INFO : Saved model to logs/Pacman/PPO/v2/model.pt
2026-03-23 04:48:51,305 : envs.wrappers : INFO : TerminalBonusWrapper attached with params -1 0.0
2026-03-23 04:48:51,558 : envs.wrappers : INFO : TerminalBonusWrapper attached with params -1 0.0
2026-03-23 04:48:52,125 : evaluate.evaluate : INFO : Evaluation results: mean = 1.00, std = 0.00, min = 1.00, max = 1.00, count = 1
2026-03-23 04:48:52,125 : evaluate.evaluate : INFO : Evaluation lengths: mean = 120.00, std = 0.00, min = 120.00, max = 120.00, count = 1
2026-03-23 04:48:52,128 : evaluate.evaluate : DEBUG : Action logits: tensor([[-0.0950,  1.6484,  0.9111, -0.1278,  0.2025]], device='cuda:0',
       dtype=torch.float16)
2026-03-23 05:05:35,734 : network.model : INFO : Saved model to logs/Pacman/PPO/v2/model.pt
2026-03-23 05:05:35,917 : envs.wrappers : INFO : TerminalBonusWrapper attached with params -1 0.0
2026-03-23 05:05:36,146 : envs.wrappers : INFO : TerminalBonusWrapper attached with params -1 0.0
2026-03-23 05:05:36,650 : evaluate.evaluate : INFO : Evaluation results: mean = 1.00, std = 0.00, min = 1.00, max = 1.00, count = 1
2026-03-23 05:05:36,650 : evaluate.evaluate : INFO : Evaluation lengths: mean = 120.00, std = 0.00, min = 120.00, max = 120.00, count = 1
2026-03-23 05:05:36,652 : evaluate.evaluate : DEBUG : Action logits: tensor([[ 0.0077,  1.6758,  1.0781, -0.2238,  0.1862]], device='cuda:0',
       dtype=torch.float16)
2026-03-23 05:22:17,965 : network.model : INFO : Saved model to logs/Pacman/PPO/v2/model.pt
2026-03-23 05:22:18,149 : envs.wrappers : INFO : TerminalBonusWrapper attached with params -1 0.0
2026-03-23 05:22:18,377 : envs.wrappers : INFO : TerminalBonusWrapper attached with params -1 0.0
2026-03-23 05:22:18,980 : evaluate.evaluate : INFO : Evaluation results: mean = 1.00, std = 0.00, min = 1.00, max = 1.00, count = 1
2026-03-23 05:22:18,981 : evaluate.evaluate : INFO : Evaluation lengths: mean = 120.00, std = 0.00, min = 120.00, max = 120.00, count = 1
2026-03-23 05:22:18,983 : evaluate.evaluate : DEBUG : Action logits: tensor([[-0.0482,  1.5537,  0.9785, -0.1757,  0.2295]], device='cuda:0',
       dtype=torch.float16)
2026-03-23 05:39:02,807 : network.model : INFO : Saved model to logs/Pacman/PPO/v2/model.pt
2026-03-23 05:39:02,989 : envs.wrappers : INFO : TerminalBonusWrapper attached with params -1 0.0
2026-03-23 05:39:03,220 : envs.wrappers : INFO : TerminalBonusWrapper attached with params -1 0.0
2026-03-23 05:39:03,837 : evaluate.evaluate : INFO : Evaluation results: mean = 1.00, std = 0.00, min = 1.00, max = 1.00, count = 1
2026-03-23 05:39:03,837 : evaluate.evaluate : INFO : Evaluation lengths: mean = 120.00, std = 0.00, min = 120.00, max = 120.00, count = 1
2026-03-23 05:39:03,839 : evaluate.evaluate : DEBUG : Action logits: tensor([[-0.1234,  1.5869,  0.9272, -0.1748,  0.3108]], device='cuda:0',
       dtype=torch.float16)
2026-03-23 05:55:53,518 : network.model : INFO : Saved model to logs/Pacman/PPO/v2/model.pt
2026-03-23 05:55:53,700 : envs.wrappers : INFO : TerminalBonusWrapper attached with params -1 0.0
2026-03-23 05:55:53,924 : envs.wrappers : INFO : TerminalBonusWrapper attached with params -1 0.0
2026-03-23 05:55:54,508 : evaluate.evaluate : INFO : Evaluation results: mean = 1.00, std = 0.00, min = 1.00, max = 1.00, count = 1
2026-03-23 05:55:54,508 : evaluate.evaluate : INFO : Evaluation lengths: mean = 120.00, std = 0.00, min = 120.00, max = 120.00, count = 1
2026-03-23 05:55:54,510 : evaluate.evaluate : DEBUG : Action logits: tensor([[-0.0774,  1.6436,  0.9102, -0.1877,  0.2871]], device='cuda:0',
       dtype=torch.float16)
2026-03-23 06:12:50,836 : network.model : INFO : Saved model to logs/Pacman/PPO/v2/model.pt
2026-03-23 06:12:51,032 : envs.wrappers : INFO : TerminalBonusWrapper attached with params -1 0.0
2026-03-23 06:12:51,281 : envs.wrappers : INFO : TerminalBonusWrapper attached with params -1 0.0
2026-03-23 06:12:51,846 : evaluate.evaluate : INFO : Evaluation results: mean = 1.00, std = 0.00, min = 1.00, max = 1.00, count = 1
2026-03-23 06:12:51,846 : evaluate.evaluate : INFO : Evaluation lengths: mean = 120.00, std = 0.00, min = 120.00, max = 120.00, count = 1
2026-03-23 06:12:51,849 : evaluate.evaluate : DEBUG : Action logits: tensor([[-0.0689,  1.5918,  1.0205, -0.2269,  0.2915]], device='cuda:0',
       dtype=torch.float16)
2026-03-23 06:29:37,795 : network.model : INFO : Saved model to logs/Pacman/PPO/v2/model.pt
2026-03-23 06:29:37,978 : envs.wrappers : INFO : TerminalBonusWrapper attached with params -1 0.0
2026-03-23 06:29:38,234 : envs.wrappers : INFO : TerminalBonusWrapper attached with params -1 0.0
2026-03-23 06:29:38,503 : evaluate.evaluate : INFO : Evaluation results: mean = 4.00, std = 0.00, min = 4.00, max = 4.00, count = 1
2026-03-23 06:29:38,503 : evaluate.evaluate : INFO : Evaluation lengths: mean = 73.00, std = 0.00, min = 73.00, max = 73.00, count = 1
2026-03-23 06:29:38,505 : evaluate.evaluate : DEBUG : Action logits: tensor([[-0.0826,  1.5986,  0.9883, -0.2034,  0.3025]], device='cuda:0',
       dtype=torch.float16)
2026-03-23 06:46:28,101 : network.model : INFO : Saved model to logs/Pacman/PPO/v2/model.pt
2026-03-23 06:46:28,283 : envs.wrappers : INFO : TerminalBonusWrapper attached with params -1 0.0
2026-03-23 06:46:28,513 : envs.wrappers : INFO : TerminalBonusWrapper attached with params -1 0.0
2026-03-23 06:46:28,778 : evaluate.evaluate : INFO : Evaluation results: mean = 4.00, std = 0.00, min = 4.00, max = 4.00, count = 1
2026-03-23 06:46:28,778 : evaluate.evaluate : INFO : Evaluation lengths: mean = 73.00, std = 0.00, min = 73.00, max = 73.00, count = 1
2026-03-23 06:46:28,780 : evaluate.evaluate : DEBUG : Action logits: tensor([[-0.0743,  1.6055,  0.9526, -0.2026,  0.3445]], device='cuda:0',
       dtype=torch.float16)
2026-03-23 07:03:16,895 : network.model : INFO : Saved model to logs/Pacman/PPO/v2/model.pt
2026-03-23 07:03:17,078 : envs.wrappers : INFO : TerminalBonusWrapper attached with params -1 0.0
2026-03-23 07:03:17,307 : envs.wrappers : INFO : TerminalBonusWrapper attached with params -1 0.0
2026-03-23 07:03:17,849 : evaluate.evaluate : INFO : Evaluation results: mean = 1.00, std = 0.00, min = 1.00, max = 1.00, count = 1
2026-03-23 07:03:17,849 : evaluate.evaluate : INFO : Evaluation lengths: mean = 120.00, std = 0.00, min = 120.00, max = 120.00, count = 1
2026-03-23 07:03:17,851 : evaluate.evaluate : DEBUG : Action logits: tensor([[-0.1321,  1.5303,  0.8857, -0.1345,  0.3452]], device='cuda:0',
       dtype=torch.float16)
2026-03-23 07:20:23,317 : network.model : INFO : Saved model to logs/Pacman/PPO/v2/model.pt
2026-03-23 07:20:23,505 : envs.wrappers : INFO : TerminalBonusWrapper attached with params -1 0.0
2026-03-23 07:20:23,768 : envs.wrappers : INFO : TerminalBonusWrapper attached with params -1 0.0
2026-03-23 07:20:24,420 : evaluate.evaluate : INFO : Evaluation results: mean = 1.00, std = 0.00, min = 1.00, max = 1.00, count = 1
2026-03-23 07:20:24,420 : evaluate.evaluate : INFO : Evaluation lengths: mean = 120.00, std = 0.00, min = 120.00, max = 120.00, count = 1
2026-03-23 07:20:24,422 : evaluate.evaluate : DEBUG : Action logits: tensor([[-0.1218,  1.5625,  0.8789, -0.1652,  0.3975]], device='cuda:0',
       dtype=torch.float16)
2026-03-23 07:37:21,651 : network.model : INFO : Saved model to logs/Pacman/PPO/v2/model.pt
2026-03-23 07:37:21,834 : envs.wrappers : INFO : TerminalBonusWrapper attached with params -1 0.0
2026-03-23 07:37:22,071 : envs.wrappers : INFO : TerminalBonusWrapper attached with params -1 0.0
2026-03-23 07:37:22,352 : evaluate.evaluate : INFO : Evaluation results: mean = 4.00, std = 0.00, min = 4.00, max = 4.00, count = 1
2026-03-23 07:37:22,352 : evaluate.evaluate : INFO : Evaluation lengths: mean = 73.00, std = 0.00, min = 73.00, max = 73.00, count = 1
2026-03-23 07:37:22,354 : evaluate.evaluate : DEBUG : Action logits: tensor([[-0.0858,  1.5498,  0.8848, -0.1874,  0.3870]], device='cuda:0',
       dtype=torch.float16)
2026-03-23 07:54:15,388 : network.model : INFO : Saved model to logs/Pacman/PPO/v2/model.pt
2026-03-23 07:54:15,589 : envs.wrappers : INFO : TerminalBonusWrapper attached with params -1 0.0
2026-03-23 07:54:15,825 : envs.wrappers : INFO : TerminalBonusWrapper attached with params -1 0.0
2026-03-23 07:54:16,440 : evaluate.evaluate : INFO : Evaluation results: mean = 1.00, std = 0.00, min = 1.00, max = 1.00, count = 1
2026-03-23 07:54:16,441 : evaluate.evaluate : INFO : Evaluation lengths: mean = 120.00, std = 0.00, min = 120.00, max = 120.00, count = 1
2026-03-23 07:54:16,444 : evaluate.evaluate : DEBUG : Action logits: tensor([[-0.0990,  1.5371,  0.9097, -0.1899,  0.4043]], device='cuda:0',
       dtype=torch.float16)
2026-03-23 08:04:45,172 : worker.worker : ERROR : Error during episode step: [Errno 32] Broken pipe
